[2025-08-06 03:32:17] laravel.EMERGENCY: Unable to create configured logger. Using emergency logger. {"exception":"[object] (InvalidArgumentException(code: 0): Log [] is not defined. at /home/runner/work/simple-laravel-ecommerce/simple-laravel-ecommerce/vendor/laravel/framework/src/Illuminate/Log/LogManager.php:212)
[stacktrace]
#0 /home/runner/work/simple-laravel-ecommerce/simple-laravel-ecommerce/vendor/laravel/framework/src/Illuminate/Log/LogManager.php(137): Illuminate\\Log\\LogManager->resolve()
#1 /home/runner/work/simple-laravel-ecommerce/simple-laravel-ecommerce/vendor/laravel/framework/src/Illuminate/Log/LogManager.php(124): Illuminate\\Log\\LogManager->get()
#2 /home/runner/work/simple-laravel-ecommerce/simple-laravel-ecommerce/vendor/laravel/framework/src/Illuminate/Log/LogManager.php(681): Illuminate\\Log\\LogManager->driver()
#3 /home/runner/work/simple-laravel-ecommerce/simple-laravel-ecommerce/vendor/laravel/framework/src/Illuminate/Foundation/Exceptions/Handler.php(317): Illuminate\\Log\\LogManager->error()
#4 /home/runner/work/simple-laravel-ecommerce/simple-laravel-ecommerce/vendor/laravel/framework/src/Illuminate/Foundation/Exceptions/Handler.php(278): Illuminate\\Foundation\\Exceptions\\Handler->reportThrowable()
#5 /home/runner/work/simple-laravel-ecommerce/simple-laravel-ecommerce/vendor/laravel/framework/src/Illuminate/Foundation/Console/Kernel.php(523): Illuminate\\Foundation\\Exceptions\\Handler->report()
#6 /home/runner/work/simple-laravel-ecommerce/simple-laravel-ecommerce/vendor/laravel/framework/src/Illuminate/Foundation/Console/Kernel.php(203): Illuminate\\Foundation\\Console\\Kernel->reportException()
#7 /home/runner/work/simple-laravel-ecommerce/simple-laravel-ecommerce/artisan(35): Illuminate\\Foundation\\Console\\Kernel->handle()
#8 {main}
"} 
[2025-08-06 03:32:17] laravel.ERROR: Unable to load the "app" configuration file. {"exception":"[object] (Exception(code: 0): Unable to load the \"app\" configuration file. at /home/runner/work/simple-laravel-ecommerce/simple-laravel-ecommerce/vendor/laravel/framework/src/Illuminate/Foundation/Bootstrap/LoadConfiguration.php:66)
[stacktrace]
#0 /home/runner/work/simple-laravel-ecommerce/simple-laravel-ecommerce/vendor/laravel/framework/src/Illuminate/Foundation/Bootstrap/LoadConfiguration.php(39): Illuminate\\Foundation\\Bootstrap\\LoadConfiguration->loadConfigurationFiles()
#1 /home/runner/work/simple-laravel-ecommerce/simple-laravel-ecommerce/vendor/laravel/framework/src/Illuminate/Foundation/Application.php(286): Illuminate\\Foundation\\Bootstrap\\LoadConfiguration->bootstrap()
#2 /home/runner/work/simple-laravel-ecommerce/simple-laravel-ecommerce/vendor/laravel/framework/src/Illuminate/Foundation/Console/Kernel.php(447): Illuminate\\Foundation\\Application->bootstrapWith()
#3 /home/runner/work/simple-laravel-ecommerce/simple-laravel-ecommerce/vendor/laravel/framework/src/Illuminate/Foundation/Console/Kernel.php(199): Illuminate\\Foundation\\Console\\Kernel->bootstrap()
#4 /home/runner/work/simple-laravel-ecommerce/simple-laravel-ecommerce/artisan(35): Illuminate\\Foundation\\Console\\Kernel->handle()
#5 {main}
"} 
[2025-08-06 03:34:03] laravel.EMERGENCY: Unable to create configured logger. Using emergency logger. {"exception":"[object] (InvalidArgumentException(code: 0): Log [] is not defined. at /home/runner/work/simple-laravel-ecommerce/simple-laravel-ecommerce/vendor/laravel/framework/src/Illuminate/Log/LogManager.php:212)
[stacktrace]
#0 /home/runner/work/simple-laravel-ecommerce/simple-laravel-ecommerce/vendor/laravel/framework/src/Illuminate/Log/LogManager.php(137): Illuminate\\Log\\LogManager->resolve()
#1 /home/runner/work/simple-laravel-ecommerce/simple-laravel-ecommerce/vendor/laravel/framework/src/Illuminate/Log/LogManager.php(124): Illuminate\\Log\\LogManager->get()
#2 /home/runner/work/simple-laravel-ecommerce/simple-laravel-ecommerce/vendor/laravel/framework/src/Illuminate/Log/LogManager.php(681): Illuminate\\Log\\LogManager->driver()
#3 /home/runner/work/simple-laravel-ecommerce/simple-laravel-ecommerce/vendor/laravel/framework/src/Illuminate/Foundation/Exceptions/Handler.php(317): Illuminate\\Log\\LogManager->error()
#4 /home/runner/work/simple-laravel-ecommerce/simple-laravel-ecommerce/vendor/laravel/framework/src/Illuminate/Foundation/Exceptions/Handler.php(278): Illuminate\\Foundation\\Exceptions\\Handler->reportThrowable()
#5 /home/runner/work/simple-laravel-ecommerce/simple-laravel-ecommerce/vendor/laravel/framework/src/Illuminate/Foundation/Console/Kernel.php(523): Illuminate\\Foundation\\Exceptions\\Handler->report()
#6 /home/runner/work/simple-laravel-ecommerce/simple-laravel-ecommerce/vendor/laravel/framework/src/Illuminate/Foundation/Console/Kernel.php(203): Illuminate\\Foundation\\Console\\Kernel->reportException()
#7 /home/runner/work/simple-laravel-ecommerce/simple-laravel-ecommerce/artisan(35): Illuminate\\Foundation\\Console\\Kernel->handle()
#8 {main}
"} 
[2025-08-06 03:34:03] laravel.ERROR: The /home/runner/work/simple-laravel-ecommerce/simple-laravel-ecommerce/bootstrap/cache directory must be present and writable. {"exception":"[object] (Exception(code: 0): The /home/runner/work/simple-laravel-ecommerce/simple-laravel-ecommerce/bootstrap/cache directory must be present and writable. at /home/runner/work/simple-laravel-ecommerce/simple-laravel-ecommerce/vendor/laravel/framework/src/Illuminate/Foundation/PackageManifest.php:178)
[stacktrace]
#0 /home/runner/work/simple-laravel-ecommerce/simple-laravel-ecommerce/vendor/laravel/framework/src/Illuminate/Foundation/PackageManifest.php(131): Illuminate\\Foundation\\PackageManifest->write()
#1 /home/runner/work/simple-laravel-ecommerce/simple-laravel-ecommerce/vendor/laravel/framework/src/Illuminate/Foundation/PackageManifest.php(107): Illuminate\\Foundation\\PackageManifest->build()
#2 /home/runner/work/simple-laravel-ecommerce/simple-laravel-ecommerce/vendor/laravel/framework/src/Illuminate/Foundation/PackageManifest.php(90): Illuminate\\Foundation\\PackageManifest->getManifest()
#3 /home/runner/work/simple-laravel-ecommerce/simple-laravel-ecommerce/vendor/laravel/framework/src/Illuminate/Foundation/PackageManifest.php(79): Illuminate\\Foundation\\PackageManifest->config()
#4 /home/runner/work/simple-laravel-ecommerce/simple-laravel-ecommerce/vendor/laravel/framework/src/Illuminate/Foundation/Bootstrap/RegisterFacades.php(26): Illuminate\\Foundation\\PackageManifest->aliases()
#5 /home/runner/work/simple-laravel-ecommerce/simple-laravel-ecommerce/vendor/laravel/framework/src/Illuminate/Foundation/Application.php(286): Illuminate\\Foundation\\Bootstrap\\RegisterFacades->bootstrap()
#6 /home/runner/work/simple-laravel-ecommerce/simple-laravel-ecommerce/vendor/laravel/framework/src/Illuminate/Foundation/Console/Kernel.php(447): Illuminate\\Foundation\\Application->bootstrapWith()
#7 /home/runner/work/simple-laravel-ecommerce/simple-laravel-ecommerce/vendor/laravel/framework/src/Illuminate/Foundation/Console/Kernel.php(199): Illuminate\\Foundation\\Console\\Kernel->bootstrap()
#8 /home/runner/work/simple-laravel-ecommerce/simple-laravel-ecommerce/artisan(35): Illuminate\\Foundation\\Console\\Kernel->handle()
#9 {main}
"} 
[2025-08-06 03:49:03] laravel.EMERGENCY: Unable to create configured logger. Using emergency logger. {"exception":"[object] (InvalidArgumentException(code: 0): Log [] is not defined. at /home/runner/work/simple-laravel-ecommerce/simple-laravel-ecommerce/vendor/laravel/framework/src/Illuminate/Log/LogManager.php:212)
[stacktrace]
#0 /home/runner/work/simple-laravel-ecommerce/simple-laravel-ecommerce/vendor/laravel/framework/src/Illuminate/Log/LogManager.php(137): Illuminate\\Log\\LogManager->resolve()
#1 /home/runner/work/simple-laravel-ecommerce/simple-laravel-ecommerce/vendor/laravel/framework/src/Illuminate/Log/LogManager.php(124): Illuminate\\Log\\LogManager->get()
#2 /home/runner/work/simple-laravel-ecommerce/simple-laravel-ecommerce/vendor/laravel/framework/src/Illuminate/Log/LogManager.php(681): Illuminate\\Log\\LogManager->driver()
#3 /home/runner/work/simple-laravel-ecommerce/simple-laravel-ecommerce/vendor/laravel/framework/src/Illuminate/Foundation/Exceptions/Handler.php(317): Illuminate\\Log\\LogManager->error()
#4 /home/runner/work/simple-laravel-ecommerce/simple-laravel-ecommerce/vendor/laravel/framework/src/Illuminate/Foundation/Exceptions/Handler.php(278): Illuminate\\Foundation\\Exceptions\\Handler->reportThrowable()
#5 /home/runner/work/simple-laravel-ecommerce/simple-laravel-ecommerce/vendor/nunomaduro/collision/src/Adapters/Laravel/ExceptionHandler.php(46): Illuminate\\Foundation\\Exceptions\\Handler->report()
#6 /home/runner/work/simple-laravel-ecommerce/simple-laravel-ecommerce/vendor/laravel/framework/src/Illuminate/Foundation/Console/Kernel.php(523): NunoMaduro\\Collision\\Adapters\\Laravel\\ExceptionHandler->report()
#7 /home/runner/work/simple-laravel-ecommerce/simple-laravel-ecommerce/vendor/laravel/framework/src/Illuminate/Foundation/Console/Kernel.php(203): Illuminate\\Foundation\\Console\\Kernel->reportException()
#8 /home/runner/work/simple-laravel-ecommerce/simple-laravel-ecommerce/artisan(35): Illuminate\\Foundation\\Console\\Kernel->handle()
#9 {main}
"} 
[2025-08-06 03:49:03] laravel.ERROR: Class "App\Http\Controllers\Api\CustomerController" does not exist {"exception":"[object] (ReflectionException(code: -1): Class \"App\\Http\\Controllers\\Api\\CustomerController\" does not exist at /home/runner/work/simple-laravel-ecommerce/simple-laravel-ecommerce/vendor/laravel/framework/src/Illuminate/Foundation/Console/RouteListCommand.php:225)
[stacktrace]
#0 /home/runner/work/simple-laravel-ecommerce/simple-laravel-ecommerce/vendor/laravel/framework/src/Illuminate/Foundation/Console/RouteListCommand.php(225): ReflectionClass->__construct()
#1 /home/runner/work/simple-laravel-ecommerce/simple-laravel-ecommerce/vendor/laravel/framework/src/Illuminate/Foundation/Console/RouteListCommand.php(147): Illuminate\\Foundation\\Console\\RouteListCommand->isVendorRoute()
#2 /home/runner/work/simple-laravel-ecommerce/simple-laravel-ecommerce/vendor/laravel/framework/src/Illuminate/Foundation/Console/RouteListCommand.php(116): Illuminate\\Foundation\\Console\\RouteListCommand->getRouteInformation()
#3 [internal function]: Illuminate\\Foundation\\Console\\RouteListCommand->Illuminate\\Foundation\\Console\\{closure}()
#4 /home/runner/work/simple-laravel-ecommerce/simple-laravel-ecommerce/vendor/laravel/framework/src/Illuminate/Collections/Arr.php(600): array_map()
#5 /home/runner/work/simple-laravel-ecommerce/simple-laravel-ecommerce/vendor/laravel/framework/src/Illuminate/Collections/Collection.php(778): Illuminate\\Support\\Arr::map()
#6 /home/runner/work/simple-laravel-ecommerce/simple-laravel-ecommerce/vendor/laravel/framework/src/Illuminate/Foundation/Console/RouteListCommand.php(115): Illuminate\\Support\\Collection->map()
#7 /home/runner/work/simple-laravel-ecommerce/simple-laravel-ecommerce/vendor/laravel/framework/src/Illuminate/Foundation/Console/RouteListCommand.php(101): Illuminate\\Foundation\\Console\\RouteListCommand->getRoutes()
#8 /home/runner/work/simple-laravel-ecommerce/simple-laravel-ecommerce/vendor/laravel/framework/src/Illuminate/Container/BoundMethod.php(36): Illuminate\\Foundation\\Console\\RouteListCommand->handle()
#9 /home/runner/work/simple-laravel-ecommerce/simple-laravel-ecommerce/vendor/laravel/framework/src/Illuminate/Container/Util.php(41): Illuminate\\Container\\BoundMethod::Illuminate\\Container\\{closure}()
#10 /home/runner/work/simple-laravel-ecommerce/simple-laravel-ecommerce/vendor/laravel/framework/src/Illuminate/Container/BoundMethod.php(93): Illuminate\\Container\\Util::unwrapIfClosure()
#11 /home/runner/work/simple-laravel-ecommerce/simple-laravel-ecommerce/vendor/laravel/framework/src/Illuminate/Container/BoundMethod.php(35): Illuminate\\Container\\BoundMethod::callBoundMethod()
#12 /home/runner/work/simple-laravel-ecommerce/simple-laravel-ecommerce/vendor/laravel/framework/src/Illuminate/Container/Container.php(662): Illuminate\\Container\\BoundMethod::call()
#13 /home/runner/work/simple-laravel-ecommerce/simple-laravel-ecommerce/vendor/laravel/framework/src/Illuminate/Console/Command.php(211): Illuminate\\Container\\Container->call()
#14 /home/runner/work/simple-laravel-ecommerce/simple-laravel-ecommerce/vendor/symfony/console/Command/Command.php(326): Illuminate\\Console\\Command->execute()
#15 /home/runner/work/simple-laravel-ecommerce/simple-laravel-ecommerce/vendor/laravel/framework/src/Illuminate/Console/Command.php(180): Symfony\\Component\\Console\\Command\\Command->run()
#16 /home/runner/work/simple-laravel-ecommerce/simple-laravel-ecommerce/vendor/symfony/console/Application.php(1096): Illuminate\\Console\\Command->run()
#17 /home/runner/work/simple-laravel-ecommerce/simple-laravel-ecommerce/vendor/symfony/console/Application.php(324): Symfony\\Component\\Console\\Application->doRunCommand()
#18 /home/runner/work/simple-laravel-ecommerce/simple-laravel-ecommerce/vendor/symfony/console/Application.php(175): Symfony\\Component\\Console\\Application->doRun()
#19 /home/runner/work/simple-laravel-ecommerce/simple-laravel-ecommerce/vendor/laravel/framework/src/Illuminate/Foundation/Console/Kernel.php(201): Symfony\\Component\\Console\\Application->run()
#20 /home/runner/work/simple-laravel-ecommerce/simple-laravel-ecommerce/artisan(35): Illuminate\\Foundation\\Console\\Kernel->handle()
#21 {main}
"} 
[2025-08-06 03:50:48] laravel.EMERGENCY: Unable to create configured logger. Using emergency logger. {"exception":"[object] (InvalidArgumentException(code: 0): Log [null] is not defined. at /home/runner/work/simple-laravel-ecommerce/simple-laravel-ecommerce/vendor/laravel/framework/src/Illuminate/Log/LogManager.php:212)
[stacktrace]
#0 /home/runner/work/simple-laravel-ecommerce/simple-laravel-ecommerce/vendor/laravel/framework/src/Illuminate/Log/LogManager.php(137): Illuminate\\Log\\LogManager->resolve()
#1 /home/runner/work/simple-laravel-ecommerce/simple-laravel-ecommerce/vendor/laravel/framework/src/Illuminate/Log/LogManager.php(124): Illuminate\\Log\\LogManager->get()
#2 /home/runner/work/simple-laravel-ecommerce/simple-laravel-ecommerce/vendor/laravel/framework/src/Illuminate/Log/LogManager.php(681): Illuminate\\Log\\LogManager->driver()
#3 /home/runner/work/simple-laravel-ecommerce/simple-laravel-ecommerce/vendor/laravel/framework/src/Illuminate/Foundation/Exceptions/Handler.php(317): Illuminate\\Log\\LogManager->error()
#4 /home/runner/work/simple-laravel-ecommerce/simple-laravel-ecommerce/vendor/laravel/framework/src/Illuminate/Foundation/Exceptions/Handler.php(278): Illuminate\\Foundation\\Exceptions\\Handler->reportThrowable()
#5 /home/runner/work/simple-laravel-ecommerce/simple-laravel-ecommerce/vendor/laravel/framework/src/Illuminate/Routing/Pipeline.php(49): Illuminate\\Foundation\\Exceptions\\Handler->report()
#6 /home/runner/work/simple-laravel-ecommerce/simple-laravel-ecommerce/vendor/laravel/framework/src/Illuminate/Pipeline/Pipeline.php(188): Illuminate\\Routing\\Pipeline->handleException()
#7 /home/runner/work/simple-laravel-ecommerce/simple-laravel-ecommerce/vendor/laravel/framework/src/Illuminate/Session/Middleware/StartSession.php(121): Illuminate\\Pipeline\\Pipeline->Illuminate\\Pipeline\\{closure}()
#8 /home/runner/work/simple-laravel-ecommerce/simple-laravel-ecommerce/vendor/laravel/framework/src/Illuminate/Session/Middleware/StartSession.php(64): Illuminate\\Session\\Middleware\\StartSession->handleStatefulRequest()
#9 /home/runner/work/simple-laravel-ecommerce/simple-laravel-ecommerce/vendor/laravel/framework/src/Illuminate/Pipeline/Pipeline.php(183): Illuminate\\Session\\Middleware\\StartSession->handle()
#10 /home/runner/work/simple-laravel-ecommerce/simple-laravel-ecommerce/vendor/laravel/framework/src/Illuminate/Cookie/Middleware/AddQueuedCookiesToResponse.php(37): Illuminate\\Pipeline\\Pipeline->Illuminate\\Pipeline\\{closure}()
#11 /home/runner/work/simple-laravel-ecommerce/simple-laravel-ecommerce/vendor/laravel/framework/src/Illuminate/Pipeline/Pipeline.php(183): Illuminate\\Cookie\\Middleware\\AddQueuedCookiesToResponse->handle()
#12 /home/runner/work/simple-laravel-ecommerce/simple-laravel-ecommerce/vendor/laravel/framework/src/Illuminate/Cookie/Middleware/EncryptCookies.php(67): Illuminate\\Pipeline\\Pipeline->Illuminate\\Pipeline\\{closure}()
#13 /home/runner/work/simple-laravel-ecommerce/simple-laravel-ecommerce/vendor/laravel/framework/src/Illuminate/Pipeline/Pipeline.php(183): Illuminate\\Cookie\\Middleware\\EncryptCookies->handle()
#14 /home/runner/work/simple-laravel-ecommerce/simple-laravel-ecommerce/vendor/laravel/framework/src/Illuminate/Pipeline/Pipeline.php(119): Illuminate\\Pipeline\\Pipeline->Illuminate\\Pipeline\\{closure}()
#15 /home/runner/work/simple-laravel-ecommerce/simple-laravel-ecommerce/vendor/laravel/framework/src/Illuminate/Routing/Router.php(805): Illuminate\\Pipeline\\Pipeline->then()
#16 /home/runner/work/simple-laravel-ecommerce/simple-laravel-ecommerce/vendor/laravel/framework/src/Illuminate/Routing/Router.php(784): Illuminate\\Routing\\Router->runRouteWithinStack()
#17 /home/runner/work/simple-laravel-ecommerce/simple-laravel-ecommerce/vendor/laravel/framework/src/Illuminate/Routing/Router.php(748): Illuminate\\Routing\\Router->runRoute()
#18 /home/runner/work/simple-laravel-ecommerce/simple-laravel-ecommerce/vendor/laravel/framework/src/Illuminate/Routing/Router.php(737): Illuminate\\Routing\\Router->dispatchToRoute()
#19 /home/runner/work/simple-laravel-ecommerce/simple-laravel-ecommerce/vendor/laravel/framework/src/Illuminate/Foundation/Http/Kernel.php(200): Illuminate\\Routing\\Router->dispatch()
#20 /home/runner/work/simple-laravel-ecommerce/simple-laravel-ecommerce/vendor/laravel/framework/src/Illuminate/Pipeline/Pipeline.php(144): Illuminate\\Foundation\\Http\\Kernel->Illuminate\\Foundation\\Http\\{closure}()
#21 /home/runner/work/simple-laravel-ecommerce/simple-laravel-ecommerce/vendor/laravel/framework/src/Illuminate/Foundation/Http/Middleware/TransformsRequest.php(21): Illuminate\\Pipeline\\Pipeline->Illuminate\\Pipeline\\{closure}()
#22 /home/runner/work/simple-laravel-ecommerce/simple-laravel-ecommerce/vendor/laravel/framework/src/Illuminate/Foundation/Http/Middleware/ConvertEmptyStringsToNull.php(31): Illuminate\\Foundation\\Http\\Middleware\\TransformsRequest->handle()
#23 /home/runner/work/simple-laravel-ecommerce/simple-laravel-ecommerce/vendor/laravel/framework/src/Illuminate/Pipeline/Pipeline.php(183): Illuminate\\Foundation\\Http\\Middleware\\ConvertEmptyStringsToNull->handle()
#24 /home/runner/work/simple-laravel-ecommerce/simple-laravel-ecommerce/vendor/laravel/framework/src/Illuminate/Foundation/Http/Middleware/TransformsRequest.php(21): Illuminate\\Pipeline\\Pipeline->Illuminate\\Pipeline\\{closure}()
#25 /home/runner/work/simple-laravel-ecommerce/simple-laravel-ecommerce/vendor/laravel/framework/src/Illuminate/Foundation/Http/Middleware/TrimStrings.php(40): Illuminate\\Foundation\\Http\\Middleware\\TransformsRequest->handle()
#26 /home/runner/work/simple-laravel-ecommerce/simple-laravel-ecommerce/vendor/laravel/framework/src/Illuminate/Pipeline/Pipeline.php(183): Illuminate\\Foundation\\Http\\Middleware\\TrimStrings->handle()
#27 /home/runner/work/simple-laravel-ecommerce/simple-laravel-ecommerce/vendor/laravel/framework/src/Illuminate/Foundation/Http/Middleware/ValidatePostSize.php(27): Illuminate\\Pipeline\\Pipeline->Illuminate\\Pipeline\\{closure}()
#28 /home/runner/work/simple-laravel-ecommerce/simple-laravel-ecommerce/vendor/laravel/framework/src/Illuminate/Pipeline/Pipeline.php(183): Illuminate\\Foundation\\Http\\Middleware\\ValidatePostSize->handle()
#29 /home/runner/work/simple-laravel-ecommerce/simple-laravel-ecommerce/vendor/laravel/framework/src/Illuminate/Foundation/Http/Middleware/PreventRequestsDuringMaintenance.php(99): Illuminate\\Pipeline\\Pipeline->Illuminate\\Pipeline\\{closure}()
#30 /home/runner/work/simple-laravel-ecommerce/simple-laravel-ecommerce/vendor/laravel/framework/src/Illuminate/Pipeline/Pipeline.php(183): Illuminate\\Foundation\\Http\\Middleware\\PreventRequestsDuringMaintenance->handle()
#31 /home/runner/work/simple-laravel-ecommerce/simple-laravel-ecommerce/vendor/laravel/framework/src/Illuminate/Http/Middleware/HandleCors.php(49): Illuminate\\Pipeline\\Pipeline->Illuminate\\Pipeline\\{closure}()
#32 /home/runner/work/simple-laravel-ecommerce/simple-laravel-ecommerce/vendor/laravel/framework/src/Illuminate/Pipeline/Pipeline.php(183): Illuminate\\Http\\Middleware\\HandleCors->handle()
#33 /home/runner/work/simple-laravel-ecommerce/simple-laravel-ecommerce/vendor/laravel/framework/src/Illuminate/Http/Middleware/TrustProxies.php(39): Illuminate\\Pipeline\\Pipeline->Illuminate\\Pipeline\\{closure}()
#34 /home/runner/work/simple-laravel-ecommerce/simple-laravel-ecommerce/vendor/laravel/framework/src/Illuminate/Pipeline/Pipeline.php(183): Illuminate\\Http\\Middleware\\TrustProxies->handle()
#35 /home/runner/work/simple-laravel-ecommerce/simple-laravel-ecommerce/vendor/laravel/framework/src/Illuminate/Pipeline/Pipeline.php(119): Illuminate\\Pipeline\\Pipeline->Illuminate\\Pipeline\\{closure}()
#36 /home/runner/work/simple-laravel-ecommerce/simple-laravel-ecommerce/vendor/laravel/framework/src/Illuminate/Foundation/Http/Kernel.php(175): Illuminate\\Pipeline\\Pipeline->then()
#37 /home/runner/work/simple-laravel-ecommerce/simple-laravel-ecommerce/vendor/laravel/framework/src/Illuminate/Foundation/Http/Kernel.php(144): Illuminate\\Foundation\\Http\\Kernel->sendRequestThroughRouter()
#38 /home/runner/work/simple-laravel-ecommerce/simple-laravel-ecommerce/vendor/laravel/framework/src/Illuminate/Foundation/Testing/Concerns/MakesHttpRequests.php(585): Illuminate\\Foundation\\Http\\Kernel->handle()
#39 /home/runner/work/simple-laravel-ecommerce/simple-laravel-ecommerce/vendor/laravel/framework/src/Illuminate/Foundation/Testing/Concerns/MakesHttpRequests.php(346): Illuminate\\Foundation\\Testing\\TestCase->call()
#40 /home/runner/work/simple-laravel-ecommerce/simple-laravel-ecommerce/tests/Feature/HomePageTest.php(17): Illuminate\\Foundation\\Testing\\TestCase->get()
#41 /home/runner/work/simple-laravel-ecommerce/simple-laravel-ecommerce/vendor/phpunit/phpunit/src/Framework/TestCase.php(1548): Tests\\Feature\\HomePageTest->test_home_page_loads_successfully()
#42 /home/runner/work/simple-laravel-ecommerce/simple-laravel-ecommerce/vendor/phpunit/phpunit/src/Framework/TestCase.php(686): PHPUnit\\Framework\\TestCase->runTest()
#43 /home/runner/work/simple-laravel-ecommerce/simple-laravel-ecommerce/vendor/phpunit/phpunit/src/Framework/TestRunner.php(106): PHPUnit\\Framework\\TestCase->runBare()
#44 /home/runner/work/simple-laravel-ecommerce/simple-laravel-ecommerce/vendor/phpunit/phpunit/src/Framework/TestCase.php(516): PHPUnit\\Framework\\TestRunner->run()
#45 /home/runner/work/simple-laravel-ecommerce/simple-laravel-ecommerce/vendor/phpunit/phpunit/src/Framework/TestSuite.php(374): PHPUnit\\Framework\\TestCase->run()
#46 /home/runner/work/simple-laravel-ecommerce/simple-laravel-ecommerce/vendor/phpunit/phpunit/src/Framework/TestSuite.php(374): PHPUnit\\Framework\\TestSuite->run()
#47 /home/runner/work/simple-laravel-ecommerce/simple-laravel-ecommerce/vendor/phpunit/phpunit/src/Framework/TestSuite.php(374): PHPUnit\\Framework\\TestSuite->run()
#48 /home/runner/work/simple-laravel-ecommerce/simple-laravel-ecommerce/vendor/phpunit/phpunit/src/TextUI/TestRunner.php(64): PHPUnit\\Framework\\TestSuite->run()
#49 /home/runner/work/simple-laravel-ecommerce/simple-laravel-ecommerce/vendor/phpunit/phpunit/src/TextUI/Application.php(203): PHPUnit\\TextUI\\TestRunner->run()
#50 /home/runner/work/simple-laravel-ecommerce/simple-laravel-ecommerce/vendor/phpunit/phpunit/phpunit(104): PHPUnit\\TextUI\\Application->run()
#51 {main}
"} 
[2025-08-06 03:50:48] laravel.ERROR: Illuminate\View\FileViewFinder::__construct(): Argument #2 ($paths) must be of type array, null given, called in /home/runner/work/simple-laravel-ecommerce/simple-laravel-ecommerce/vendor/laravel/framework/src/Illuminate/View/ViewServiceProvider.php on line 85 {"exception":"[object] (TypeError(code: 0): Illuminate\\View\\FileViewFinder::__construct(): Argument #2 ($paths) must be of type array, null given, called in /home/runner/work/simple-laravel-ecommerce/simple-laravel-ecommerce/vendor/laravel/framework/src/Illuminate/View/ViewServiceProvider.php on line 85 at /home/runner/work/simple-laravel-ecommerce/simple-laravel-ecommerce/vendor/laravel/framework/src/Illuminate/View/FileViewFinder.php:53)
[stacktrace]
#0 /home/runner/work/simple-laravel-ecommerce/simple-laravel-ecommerce/vendor/laravel/framework/src/Illuminate/View/ViewServiceProvider.php(85): Illuminate\\View\\FileViewFinder->__construct()
#1 /home/runner/work/simple-laravel-ecommerce/simple-laravel-ecommerce/vendor/laravel/framework/src/Illuminate/Container/Container.php(908): Illuminate\\View\\ViewServiceProvider->Illuminate\\View\\{closure}()
#2 /home/runner/work/simple-laravel-ecommerce/simple-laravel-ecommerce/vendor/laravel/framework/src/Illuminate/Container/Container.php(795): Illuminate\\Container\\Container->build()
#3 /home/runner/work/simple-laravel-ecommerce/simple-laravel-ecommerce/vendor/laravel/framework/src/Illuminate/Foundation/Application.php(986): Illuminate\\Container\\Container->resolve()
#4 /home/runner/work/simple-laravel-ecommerce/simple-laravel-ecommerce/vendor/laravel/framework/src/Illuminate/Container/Container.php(731): Illuminate\\Foundation\\Application->resolve()
#5 /home/runner/work/simple-laravel-ecommerce/simple-laravel-ecommerce/vendor/laravel/framework/src/Illuminate/Foundation/Application.php(971): Illuminate\\Container\\Container->make()
#6 /home/runner/work/simple-laravel-ecommerce/simple-laravel-ecommerce/vendor/laravel/framework/src/Illuminate/Container/Container.php(1454): Illuminate\\Foundation\\Application->make()
#7 /home/runner/work/simple-laravel-ecommerce/simple-laravel-ecommerce/vendor/laravel/framework/src/Illuminate/View/ViewServiceProvider.php(45): Illuminate\\Container\\Container->offsetGet()
#8 /home/runner/work/simple-laravel-ecommerce/simple-laravel-ecommerce/vendor/laravel/framework/src/Illuminate/Container/Container.php(908): Illuminate\\View\\ViewServiceProvider->Illuminate\\View\\{closure}()
#9 /home/runner/work/simple-laravel-ecommerce/simple-laravel-ecommerce/vendor/laravel/framework/src/Illuminate/Container/Container.php(795): Illuminate\\Container\\Container->build()
#10 /home/runner/work/simple-laravel-ecommerce/simple-laravel-ecommerce/vendor/laravel/framework/src/Illuminate/Foundation/Application.php(986): Illuminate\\Container\\Container->resolve()
#11 /home/runner/work/simple-laravel-ecommerce/simple-laravel-ecommerce/vendor/laravel/framework/src/Illuminate/Container/Container.php(731): Illuminate\\Foundation\\Application->resolve()
#12 /home/runner/work/simple-laravel-ecommerce/simple-laravel-ecommerce/vendor/laravel/framework/src/Illuminate/Foundation/Application.php(971): Illuminate\\Container\\Container->make()
#13 /home/runner/work/simple-laravel-ecommerce/simple-laravel-ecommerce/vendor/laravel/framework/src/Illuminate/Container/Container.php(1066): Illuminate\\Foundation\\Application->make()
#14 /home/runner/work/simple-laravel-ecommerce/simple-laravel-ecommerce/vendor/laravel/framework/src/Illuminate/Container/Container.php(982): Illuminate\\Container\\Container->resolveClass()
#15 /home/runner/work/simple-laravel-ecommerce/simple-laravel-ecommerce/vendor/laravel/framework/src/Illuminate/Container/Container.php(943): Illuminate\\Container\\Container->resolveDependencies()
#16 /home/runner/work/simple-laravel-ecommerce/simple-laravel-ecommerce/vendor/laravel/framework/src/Illuminate/Container/Container.php(795): Illuminate\\Container\\Container->build()
#17 /home/runner/work/simple-laravel-ecommerce/simple-laravel-ecommerce/vendor/laravel/framework/src/Illuminate/Foundation/Application.php(986): Illuminate\\Container\\Container->resolve()
#18 /home/runner/work/simple-laravel-ecommerce/simple-laravel-ecommerce/vendor/laravel/framework/src/Illuminate/Container/Container.php(731): Illuminate\\Foundation\\Application->resolve()
#19 /home/runner/work/simple-laravel-ecommerce/simple-laravel-ecommerce/vendor/laravel/framework/src/Illuminate/Foundation/Application.php(971): Illuminate\\Container\\Container->make()
#20 /home/runner/work/simple-laravel-ecommerce/simple-laravel-ecommerce/vendor/laravel/framework/src/Illuminate/Pipeline/Pipeline.php(172): Illuminate\\Foundation\\Application->make()
#21 /home/runner/work/simple-laravel-ecommerce/simple-laravel-ecommerce/vendor/laravel/framework/src/Illuminate/Session/Middleware/StartSession.php(121): Illuminate\\Pipeline\\Pipeline->Illuminate\\Pipeline\\{closure}()
#22 /home/runner/work/simple-laravel-ecommerce/simple-laravel-ecommerce/vendor/laravel/framework/src/Illuminate/Session/Middleware/StartSession.php(64): Illuminate\\Session\\Middleware\\StartSession->handleStatefulRequest()
#23 /home/runner/work/simple-laravel-ecommerce/simple-laravel-ecommerce/vendor/laravel/framework/src/Illuminate/Pipeline/Pipeline.php(183): Illuminate\\Session\\Middleware\\StartSession->handle()
#24 /home/runner/work/simple-laravel-ecommerce/simple-laravel-ecommerce/vendor/laravel/framework/src/Illuminate/Cookie/Middleware/AddQueuedCookiesToResponse.php(37): Illuminate\\Pipeline\\Pipeline->Illuminate\\Pipeline\\{closure}()
#25 /home/runner/work/simple-laravel-ecommerce/simple-laravel-ecommerce/vendor/laravel/framework/src/Illuminate/Pipeline/Pipeline.php(183): Illuminate\\Cookie\\Middleware\\AddQueuedCookiesToResponse->handle()
#26 /home/runner/work/simple-laravel-ecommerce/simple-laravel-ecommerce/vendor/laravel/framework/src/Illuminate/Cookie/Middleware/EncryptCookies.php(67): Illuminate\\Pipeline\\Pipeline->Illuminate\\Pipeline\\{closure}()
#27 /home/runner/work/simple-laravel-ecommerce/simple-laravel-ecommerce/vendor/laravel/framework/src/Illuminate/Pipeline/Pipeline.php(183): Illuminate\\Cookie\\Middleware\\EncryptCookies->handle()
#28 /home/runner/work/simple-laravel-ecommerce/simple-laravel-ecommerce/vendor/laravel/framework/src/Illuminate/Pipeline/Pipeline.php(119): Illuminate\\Pipeline\\Pipeline->Illuminate\\Pipeline\\{closure}()
#29 /home/runner/work/simple-laravel-ecommerce/simple-laravel-ecommerce/vendor/laravel/framework/src/Illuminate/Routing/Router.php(805): Illuminate\\Pipeline\\Pipeline->then()
#30 /home/runner/work/simple-laravel-ecommerce/simple-laravel-ecommerce/vendor/laravel/framework/src/Illuminate/Routing/Router.php(784): Illuminate\\Routing\\Router->runRouteWithinStack()
#31 /home/runner/work/simple-laravel-ecommerce/simple-laravel-ecommerce/vendor/laravel/framework/src/Illuminate/Routing/Router.php(748): Illuminate\\Routing\\Router->runRoute()
#32 /home/runner/work/simple-laravel-ecommerce/simple-laravel-ecommerce/vendor/laravel/framework/src/Illuminate/Routing/Router.php(737): Illuminate\\Routing\\Router->dispatchToRoute()
#33 /home/runner/work/simple-laravel-ecommerce/simple-laravel-ecommerce/vendor/laravel/framework/src/Illuminate/Foundation/Http/Kernel.php(200): Illuminate\\Routing\\Router->dispatch()
#34 /home/runner/work/simple-laravel-ecommerce/simple-laravel-ecommerce/vendor/laravel/framework/src/Illuminate/Pipeline/Pipeline.php(144): Illuminate\\Foundation\\Http\\Kernel->Illuminate\\Foundation\\Http\\{closure}()
#35 /home/runner/work/simple-laravel-ecommerce/simple-laravel-ecommerce/vendor/laravel/framework/src/Illuminate/Foundation/Http/Middleware/TransformsRequest.php(21): Illuminate\\Pipeline\\Pipeline->Illuminate\\Pipeline\\{closure}()
#36 /home/runner/work/simple-laravel-ecommerce/simple-laravel-ecommerce/vendor/laravel/framework/src/Illuminate/Foundation/Http/Middleware/ConvertEmptyStringsToNull.php(31): Illuminate\\Foundation\\Http\\Middleware\\TransformsRequest->handle()
#37 /home/runner/work/simple-laravel-ecommerce/simple-laravel-ecommerce/vendor/laravel/framework/src/Illuminate/Pipeline/Pipeline.php(183): Illuminate\\Foundation\\Http\\Middleware\\ConvertEmptyStringsToNull->handle()
#38 /home/runner/work/simple-laravel-ecommerce/simple-laravel-ecommerce/vendor/laravel/framework/src/Illuminate/Foundation/Http/Middleware/TransformsRequest.php(21): Illuminate\\Pipeline\\Pipeline->Illuminate\\Pipeline\\{closure}()
#39 /home/runner/work/simple-laravel-ecommerce/simple-laravel-ecommerce/vendor/laravel/framework/src/Illuminate/Foundation/Http/Middleware/TrimStrings.php(40): Illuminate\\Foundation\\Http\\Middleware\\TransformsRequest->handle()
#40 /home/runner/work/simple-laravel-ecommerce/simple-laravel-ecommerce/vendor/laravel/framework/src/Illuminate/Pipeline/Pipeline.php(183): Illuminate\\Foundation\\Http\\Middleware\\TrimStrings->handle()
#41 /home/runner/work/simple-laravel-ecommerce/simple-laravel-ecommerce/vendor/laravel/framework/src/Illuminate/Foundation/Http/Middleware/ValidatePostSize.php(27): Illuminate\\Pipeline\\Pipeline->Illuminate\\Pipeline\\{closure}()
#42 /home/runner/work/simple-laravel-ecommerce/simple-laravel-ecommerce/vendor/laravel/framework/src/Illuminate/Pipeline/Pipeline.php(183): Illuminate\\Foundation\\Http\\Middleware\\ValidatePostSize->handle()
#43 /home/runner/work/simple-laravel-ecommerce/simple-laravel-ecommerce/vendor/laravel/framework/src/Illuminate/Foundation/Http/Middleware/PreventRequestsDuringMaintenance.php(99): Illuminate\\Pipeline\\Pipeline->Illuminate\\Pipeline\\{closure}()
#44 /home/runner/work/simple-laravel-ecommerce/simple-laravel-ecommerce/vendor/laravel/framework/src/Illuminate/Pipeline/Pipeline.php(183): Illuminate\\Foundation\\Http\\Middleware\\PreventRequestsDuringMaintenance->handle()
#45 /home/runner/work/simple-laravel-ecommerce/simple-laravel-ecommerce/vendor/laravel/framework/src/Illuminate/Http/Middleware/HandleCors.php(49): Illuminate\\Pipeline\\Pipeline->Illuminate\\Pipeline\\{closure}()
#46 /home/runner/work/simple-laravel-ecommerce/simple-laravel-ecommerce/vendor/laravel/framework/src/Illuminate/Pipeline/Pipeline.php(183): Illuminate\\Http\\Middleware\\HandleCors->handle()
#47 /home/runner/work/simple-laravel-ecommerce/simple-laravel-ecommerce/vendor/laravel/framework/src/Illuminate/Http/Middleware/TrustProxies.php(39): Illuminate\\Pipeline\\Pipeline->Illuminate\\Pipeline\\{closure}()
#48 /home/runner/work/simple-laravel-ecommerce/simple-laravel-ecommerce/vendor/laravel/framework/src/Illuminate/Pipeline/Pipeline.php(183): Illuminate\\Http\\Middleware\\TrustProxies->handle()
#49 /home/runner/work/simple-laravel-ecommerce/simple-laravel-ecommerce/vendor/laravel/framework/src/Illuminate/Pipeline/Pipeline.php(119): Illuminate\\Pipeline\\Pipeline->Illuminate\\Pipeline\\{closure}()
#50 /home/runner/work/simple-laravel-ecommerce/simple-laravel-ecommerce/vendor/laravel/framework/src/Illuminate/Foundation/Http/Kernel.php(175): Illuminate\\Pipeline\\Pipeline->then()
#51 /home/runner/work/simple-laravel-ecommerce/simple-laravel-ecommerce/vendor/laravel/framework/src/Illuminate/Foundation/Http/Kernel.php(144): Illuminate\\Foundation\\Http\\Kernel->sendRequestThroughRouter()
#52 /home/runner/work/simple-laravel-ecommerce/simple-laravel-ecommerce/vendor/laravel/framework/src/Illuminate/Foundation/Testing/Concerns/MakesHttpRequests.php(585): Illuminate\\Foundation\\Http\\Kernel->handle()
#53 /home/runner/work/simple-laravel-ecommerce/simple-laravel-ecommerce/vendor/laravel/framework/src/Illuminate/Foundation/Testing/Concerns/MakesHttpRequests.php(346): Illuminate\\Foundation\\Testing\\TestCase->call()
#54 /home/runner/work/simple-laravel-ecommerce/simple-laravel-ecommerce/tests/Feature/HomePageTest.php(17): Illuminate\\Foundation\\Testing\\TestCase->get()
#55 /home/runner/work/simple-laravel-ecommerce/simple-laravel-ecommerce/vendor/phpunit/phpunit/src/Framework/TestCase.php(1548): Tests\\Feature\\HomePageTest->test_home_page_loads_successfully()
#56 /home/runner/work/simple-laravel-ecommerce/simple-laravel-ecommerce/vendor/phpunit/phpunit/src/Framework/TestCase.php(686): PHPUnit\\Framework\\TestCase->runTest()
#57 /home/runner/work/simple-laravel-ecommerce/simple-laravel-ecommerce/vendor/phpunit/phpunit/src/Framework/TestRunner.php(106): PHPUnit\\Framework\\TestCase->runBare()
#58 /home/runner/work/simple-laravel-ecommerce/simple-laravel-ecommerce/vendor/phpunit/phpunit/src/Framework/TestCase.php(516): PHPUnit\\Framework\\TestRunner->run()
#59 /home/runner/work/simple-laravel-ecommerce/simple-laravel-ecommerce/vendor/phpunit/phpunit/src/Framework/TestSuite.php(374): PHPUnit\\Framework\\TestCase->run()
#60 /home/runner/work/simple-laravel-ecommerce/simple-laravel-ecommerce/vendor/phpunit/phpunit/src/Framework/TestSuite.php(374): PHPUnit\\Framework\\TestSuite->run()
#61 /home/runner/work/simple-laravel-ecommerce/simple-laravel-ecommerce/vendor/phpunit/phpunit/src/Framework/TestSuite.php(374): PHPUnit\\Framework\\TestSuite->run()
#62 /home/runner/work/simple-laravel-ecommerce/simple-laravel-ecommerce/vendor/phpunit/phpunit/src/TextUI/TestRunner.php(64): PHPUnit\\Framework\\TestSuite->run()
#63 /home/runner/work/simple-laravel-ecommerce/simple-laravel-ecommerce/vendor/phpunit/phpunit/src/TextUI/Application.php(203): PHPUnit\\TextUI\\TestRunner->run()
#64 /home/runner/work/simple-laravel-ecommerce/simple-laravel-ecommerce/vendor/phpunit/phpunit/phpunit(104): PHPUnit\\TextUI\\Application->run()
#65 {main}
"} 
[2025-08-06 03:50:49] laravel.EMERGENCY: Unable to create configured logger. Using emergency logger. {"exception":"[object] (InvalidArgumentException(code: 0): Log [null] is not defined. at /home/runner/work/simple-laravel-ecommerce/simple-laravel-ecommerce/vendor/laravel/framework/src/Illuminate/Log/LogManager.php:212)
[stacktrace]
#0 /home/runner/work/simple-laravel-ecommerce/simple-laravel-ecommerce/vendor/laravel/framework/src/Illuminate/Log/LogManager.php(137): Illuminate\\Log\\LogManager->resolve()
#1 /home/runner/work/simple-laravel-ecommerce/simple-laravel-ecommerce/vendor/laravel/framework/src/Illuminate/Log/LogManager.php(124): Illuminate\\Log\\LogManager->get()
#2 /home/runner/work/simple-laravel-ecommerce/simple-laravel-ecommerce/vendor/laravel/framework/src/Illuminate/Log/LogManager.php(681): Illuminate\\Log\\LogManager->driver()
#3 /home/runner/work/simple-laravel-ecommerce/simple-laravel-ecommerce/vendor/laravel/framework/src/Illuminate/Foundation/Exceptions/Handler.php(317): Illuminate\\Log\\LogManager->error()
#4 /home/runner/work/simple-laravel-ecommerce/simple-laravel-ecommerce/vendor/laravel/framework/src/Illuminate/Foundation/Exceptions/Handler.php(278): Illuminate\\Foundation\\Exceptions\\Handler->reportThrowable()
#5 /home/runner/work/simple-laravel-ecommerce/simple-laravel-ecommerce/vendor/laravel/framework/src/Illuminate/Routing/Pipeline.php(49): Illuminate\\Foundation\\Exceptions\\Handler->report()
#6 /home/runner/work/simple-laravel-ecommerce/simple-laravel-ecommerce/vendor/laravel/framework/src/Illuminate/Pipeline/Pipeline.php(188): Illuminate\\Routing\\Pipeline->handleException()
#7 /home/runner/work/simple-laravel-ecommerce/simple-laravel-ecommerce/vendor/laravel/framework/src/Illuminate/Session/Middleware/StartSession.php(121): Illuminate\\Pipeline\\Pipeline->Illuminate\\Pipeline\\{closure}()
#8 /home/runner/work/simple-laravel-ecommerce/simple-laravel-ecommerce/vendor/laravel/framework/src/Illuminate/Session/Middleware/StartSession.php(64): Illuminate\\Session\\Middleware\\StartSession->handleStatefulRequest()
#9 /home/runner/work/simple-laravel-ecommerce/simple-laravel-ecommerce/vendor/laravel/framework/src/Illuminate/Pipeline/Pipeline.php(183): Illuminate\\Session\\Middleware\\StartSession->handle()
#10 /home/runner/work/simple-laravel-ecommerce/simple-laravel-ecommerce/vendor/laravel/framework/src/Illuminate/Cookie/Middleware/AddQueuedCookiesToResponse.php(37): Illuminate\\Pipeline\\Pipeline->Illuminate\\Pipeline\\{closure}()
#11 /home/runner/work/simple-laravel-ecommerce/simple-laravel-ecommerce/vendor/laravel/framework/src/Illuminate/Pipeline/Pipeline.php(183): Illuminate\\Cookie\\Middleware\\AddQueuedCookiesToResponse->handle()
#12 /home/runner/work/simple-laravel-ecommerce/simple-laravel-ecommerce/vendor/laravel/framework/src/Illuminate/Cookie/Middleware/EncryptCookies.php(67): Illuminate\\Pipeline\\Pipeline->Illuminate\\Pipeline\\{closure}()
#13 /home/runner/work/simple-laravel-ecommerce/simple-laravel-ecommerce/vendor/laravel/framework/src/Illuminate/Pipeline/Pipeline.php(183): Illuminate\\Cookie\\Middleware\\EncryptCookies->handle()
#14 /home/runner/work/simple-laravel-ecommerce/simple-laravel-ecommerce/vendor/laravel/framework/src/Illuminate/Pipeline/Pipeline.php(119): Illuminate\\Pipeline\\Pipeline->Illuminate\\Pipeline\\{closure}()
#15 /home/runner/work/simple-laravel-ecommerce/simple-laravel-ecommerce/vendor/laravel/framework/src/Illuminate/Routing/Router.php(805): Illuminate\\Pipeline\\Pipeline->then()
#16 /home/runner/work/simple-laravel-ecommerce/simple-laravel-ecommerce/vendor/laravel/framework/src/Illuminate/Routing/Router.php(784): Illuminate\\Routing\\Router->runRouteWithinStack()
#17 /home/runner/work/simple-laravel-ecommerce/simple-laravel-ecommerce/vendor/laravel/framework/src/Illuminate/Routing/Router.php(748): Illuminate\\Routing\\Router->runRoute()
#18 /home/runner/work/simple-laravel-ecommerce/simple-laravel-ecommerce/vendor/laravel/framework/src/Illuminate/Routing/Router.php(737): Illuminate\\Routing\\Router->dispatchToRoute()
#19 /home/runner/work/simple-laravel-ecommerce/simple-laravel-ecommerce/vendor/laravel/framework/src/Illuminate/Foundation/Http/Kernel.php(200): Illuminate\\Routing\\Router->dispatch()
#20 /home/runner/work/simple-laravel-ecommerce/simple-laravel-ecommerce/vendor/laravel/framework/src/Illuminate/Pipeline/Pipeline.php(144): Illuminate\\Foundation\\Http\\Kernel->Illuminate\\Foundation\\Http\\{closure}()
#21 /home/runner/work/simple-laravel-ecommerce/simple-laravel-ecommerce/vendor/laravel/framework/src/Illuminate/Foundation/Http/Middleware/TransformsRequest.php(21): Illuminate\\Pipeline\\Pipeline->Illuminate\\Pipeline\\{closure}()
#22 /home/runner/work/simple-laravel-ecommerce/simple-laravel-ecommerce/vendor/laravel/framework/src/Illuminate/Foundation/Http/Middleware/ConvertEmptyStringsToNull.php(31): Illuminate\\Foundation\\Http\\Middleware\\TransformsRequest->handle()
#23 /home/runner/work/simple-laravel-ecommerce/simple-laravel-ecommerce/vendor/laravel/framework/src/Illuminate/Pipeline/Pipeline.php(183): Illuminate\\Foundation\\Http\\Middleware\\ConvertEmptyStringsToNull->handle()
#24 /home/runner/work/simple-laravel-ecommerce/simple-laravel-ecommerce/vendor/laravel/framework/src/Illuminate/Foundation/Http/Middleware/TransformsRequest.php(21): Illuminate\\Pipeline\\Pipeline->Illuminate\\Pipeline\\{closure}()
#25 /home/runner/work/simple-laravel-ecommerce/simple-laravel-ecommerce/vendor/laravel/framework/src/Illuminate/Foundation/Http/Middleware/TrimStrings.php(40): Illuminate\\Foundation\\Http\\Middleware\\TransformsRequest->handle()
#26 /home/runner/work/simple-laravel-ecommerce/simple-laravel-ecommerce/vendor/laravel/framework/src/Illuminate/Pipeline/Pipeline.php(183): Illuminate\\Foundation\\Http\\Middleware\\TrimStrings->handle()
#27 /home/runner/work/simple-laravel-ecommerce/simple-laravel-ecommerce/vendor/laravel/framework/src/Illuminate/Foundation/Http/Middleware/ValidatePostSize.php(27): Illuminate\\Pipeline\\Pipeline->Illuminate\\Pipeline\\{closure}()
#28 /home/runner/work/simple-laravel-ecommerce/simple-laravel-ecommerce/vendor/laravel/framework/src/Illuminate/Pipeline/Pipeline.php(183): Illuminate\\Foundation\\Http\\Middleware\\ValidatePostSize->handle()
#29 /home/runner/work/simple-laravel-ecommerce/simple-laravel-ecommerce/vendor/laravel/framework/src/Illuminate/Foundation/Http/Middleware/PreventRequestsDuringMaintenance.php(99): Illuminate\\Pipeline\\Pipeline->Illuminate\\Pipeline\\{closure}()
#30 /home/runner/work/simple-laravel-ecommerce/simple-laravel-ecommerce/vendor/laravel/framework/src/Illuminate/Pipeline/Pipeline.php(183): Illuminate\\Foundation\\Http\\Middleware\\PreventRequestsDuringMaintenance->handle()
#31 /home/runner/work/simple-laravel-ecommerce/simple-laravel-ecommerce/vendor/laravel/framework/src/Illuminate/Http/Middleware/HandleCors.php(49): Illuminate\\Pipeline\\Pipeline->Illuminate\\Pipeline\\{closure}()
#32 /home/runner/work/simple-laravel-ecommerce/simple-laravel-ecommerce/vendor/laravel/framework/src/Illuminate/Pipeline/Pipeline.php(183): Illuminate\\Http\\Middleware\\HandleCors->handle()
#33 /home/runner/work/simple-laravel-ecommerce/simple-laravel-ecommerce/vendor/laravel/framework/src/Illuminate/Http/Middleware/TrustProxies.php(39): Illuminate\\Pipeline\\Pipeline->Illuminate\\Pipeline\\{closure}()
#34 /home/runner/work/simple-laravel-ecommerce/simple-laravel-ecommerce/vendor/laravel/framework/src/Illuminate/Pipeline/Pipeline.php(183): Illuminate\\Http\\Middleware\\TrustProxies->handle()
#35 /home/runner/work/simple-laravel-ecommerce/simple-laravel-ecommerce/vendor/laravel/framework/src/Illuminate/Pipeline/Pipeline.php(119): Illuminate\\Pipeline\\Pipeline->Illuminate\\Pipeline\\{closure}()
#36 /home/runner/work/simple-laravel-ecommerce/simple-laravel-ecommerce/vendor/laravel/framework/src/Illuminate/Foundation/Http/Kernel.php(175): Illuminate\\Pipeline\\Pipeline->then()
#37 /home/runner/work/simple-laravel-ecommerce/simple-laravel-ecommerce/vendor/laravel/framework/src/Illuminate/Foundation/Http/Kernel.php(144): Illuminate\\Foundation\\Http\\Kernel->sendRequestThroughRouter()
#38 /home/runner/work/simple-laravel-ecommerce/simple-laravel-ecommerce/vendor/laravel/framework/src/Illuminate/Foundation/Testing/Concerns/MakesHttpRequests.php(585): Illuminate\\Foundation\\Http\\Kernel->handle()
#39 /home/runner/work/simple-laravel-ecommerce/simple-laravel-ecommerce/vendor/laravel/framework/src/Illuminate/Foundation/Testing/Concerns/MakesHttpRequests.php(346): Illuminate\\Foundation\\Testing\\TestCase->call()
#40 /home/runner/work/simple-laravel-ecommerce/simple-laravel-ecommerce/tests/Feature/HomePageTest.php(28): Illuminate\\Foundation\\Testing\\TestCase->get()
#41 /home/runner/work/simple-laravel-ecommerce/simple-laravel-ecommerce/vendor/phpunit/phpunit/src/Framework/TestCase.php(1548): Tests\\Feature\\HomePageTest->test_products_page_loads_successfully()
#42 /home/runner/work/simple-laravel-ecommerce/simple-laravel-ecommerce/vendor/phpunit/phpunit/src/Framework/TestCase.php(686): PHPUnit\\Framework\\TestCase->runTest()
#43 /home/runner/work/simple-laravel-ecommerce/simple-laravel-ecommerce/vendor/phpunit/phpunit/src/Framework/TestRunner.php(106): PHPUnit\\Framework\\TestCase->runBare()
#44 /home/runner/work/simple-laravel-ecommerce/simple-laravel-ecommerce/vendor/phpunit/phpunit/src/Framework/TestCase.php(516): PHPUnit\\Framework\\TestRunner->run()
#45 /home/runner/work/simple-laravel-ecommerce/simple-laravel-ecommerce/vendor/phpunit/phpunit/src/Framework/TestSuite.php(374): PHPUnit\\Framework\\TestCase->run()
#46 /home/runner/work/simple-laravel-ecommerce/simple-laravel-ecommerce/vendor/phpunit/phpunit/src/Framework/TestSuite.php(374): PHPUnit\\Framework\\TestSuite->run()
#47 /home/runner/work/simple-laravel-ecommerce/simple-laravel-ecommerce/vendor/phpunit/phpunit/src/Framework/TestSuite.php(374): PHPUnit\\Framework\\TestSuite->run()
#48 /home/runner/work/simple-laravel-ecommerce/simple-laravel-ecommerce/vendor/phpunit/phpunit/src/TextUI/TestRunner.php(64): PHPUnit\\Framework\\TestSuite->run()
#49 /home/runner/work/simple-laravel-ecommerce/simple-laravel-ecommerce/vendor/phpunit/phpunit/src/TextUI/Application.php(203): PHPUnit\\TextUI\\TestRunner->run()
#50 /home/runner/work/simple-laravel-ecommerce/simple-laravel-ecommerce/vendor/phpunit/phpunit/phpunit(104): PHPUnit\\TextUI\\Application->run()
#51 {main}
"} 
[2025-08-06 03:50:49] laravel.ERROR: Illuminate\View\FileViewFinder::__construct(): Argument #2 ($paths) must be of type array, null given, called in /home/runner/work/simple-laravel-ecommerce/simple-laravel-ecommerce/vendor/laravel/framework/src/Illuminate/View/ViewServiceProvider.php on line 85 {"exception":"[object] (TypeError(code: 0): Illuminate\\View\\FileViewFinder::__construct(): Argument #2 ($paths) must be of type array, null given, called in /home/runner/work/simple-laravel-ecommerce/simple-laravel-ecommerce/vendor/laravel/framework/src/Illuminate/View/ViewServiceProvider.php on line 85 at /home/runner/work/simple-laravel-ecommerce/simple-laravel-ecommerce/vendor/laravel/framework/src/Illuminate/View/FileViewFinder.php:53)
[stacktrace]
#0 /home/runner/work/simple-laravel-ecommerce/simple-laravel-ecommerce/vendor/laravel/framework/src/Illuminate/View/ViewServiceProvider.php(85): Illuminate\\View\\FileViewFinder->__construct()
#1 /home/runner/work/simple-laravel-ecommerce/simple-laravel-ecommerce/vendor/laravel/framework/src/Illuminate/Container/Container.php(908): Illuminate\\View\\ViewServiceProvider->Illuminate\\View\\{closure}()
#2 /home/runner/work/simple-laravel-ecommerce/simple-laravel-ecommerce/vendor/laravel/framework/src/Illuminate/Container/Container.php(795): Illuminate\\Container\\Container->build()
#3 /home/runner/work/simple-laravel-ecommerce/simple-laravel-ecommerce/vendor/laravel/framework/src/Illuminate/Foundation/Application.php(986): Illuminate\\Container\\Container->resolve()
#4 /home/runner/work/simple-laravel-ecommerce/simple-laravel-ecommerce/vendor/laravel/framework/src/Illuminate/Container/Container.php(731): Illuminate\\Foundation\\Application->resolve()
#5 /home/runner/work/simple-laravel-ecommerce/simple-laravel-ecommerce/vendor/laravel/framework/src/Illuminate/Foundation/Application.php(971): Illuminate\\Container\\Container->make()
#6 /home/runner/work/simple-laravel-ecommerce/simple-laravel-ecommerce/vendor/laravel/framework/src/Illuminate/Container/Container.php(1454): Illuminate\\Foundation\\Application->make()
#7 /home/runner/work/simple-laravel-ecommerce/simple-laravel-ecommerce/vendor/laravel/framework/src/Illuminate/View/ViewServiceProvider.php(45): Illuminate\\Container\\Container->offsetGet()
#8 /home/runner/work/simple-laravel-ecommerce/simple-laravel-ecommerce/vendor/laravel/framework/src/Illuminate/Container/Container.php(908): Illuminate\\View\\ViewServiceProvider->Illuminate\\View\\{closure}()
#9 /home/runner/work/simple-laravel-ecommerce/simple-laravel-ecommerce/vendor/laravel/framework/src/Illuminate/Container/Container.php(795): Illuminate\\Container\\Container->build()
#10 /home/runner/work/simple-laravel-ecommerce/simple-laravel-ecommerce/vendor/laravel/framework/src/Illuminate/Foundation/Application.php(986): Illuminate\\Container\\Container->resolve()
#11 /home/runner/work/simple-laravel-ecommerce/simple-laravel-ecommerce/vendor/laravel/framework/src/Illuminate/Container/Container.php(731): Illuminate\\Foundation\\Application->resolve()
#12 /home/runner/work/simple-laravel-ecommerce/simple-laravel-ecommerce/vendor/laravel/framework/src/Illuminate/Foundation/Application.php(971): Illuminate\\Container\\Container->make()
#13 /home/runner/work/simple-laravel-ecommerce/simple-laravel-ecommerce/vendor/laravel/framework/src/Illuminate/Container/Container.php(1066): Illuminate\\Foundation\\Application->make()
#14 /home/runner/work/simple-laravel-ecommerce/simple-laravel-ecommerce/vendor/laravel/framework/src/Illuminate/Container/Container.php(982): Illuminate\\Container\\Container->resolveClass()
#15 /home/runner/work/simple-laravel-ecommerce/simple-laravel-ecommerce/vendor/laravel/framework/src/Illuminate/Container/Container.php(943): Illuminate\\Container\\Container->resolveDependencies()
#16 /home/runner/work/simple-laravel-ecommerce/simple-laravel-ecommerce/vendor/laravel/framework/src/Illuminate/Container/Container.php(795): Illuminate\\Container\\Container->build()
#17 /home/runner/work/simple-laravel-ecommerce/simple-laravel-ecommerce/vendor/laravel/framework/src/Illuminate/Foundation/Application.php(986): Illuminate\\Container\\Container->resolve()
#18 /home/runner/work/simple-laravel-ecommerce/simple-laravel-ecommerce/vendor/laravel/framework/src/Illuminate/Container/Container.php(731): Illuminate\\Foundation\\Application->resolve()
#19 /home/runner/work/simple-laravel-ecommerce/simple-laravel-ecommerce/vendor/laravel/framework/src/Illuminate/Foundation/Application.php(971): Illuminate\\Container\\Container->make()
#20 /home/runner/work/simple-laravel-ecommerce/simple-laravel-ecommerce/vendor/laravel/framework/src/Illuminate/Pipeline/Pipeline.php(172): Illuminate\\Foundation\\Application->make()
#21 /home/runner/work/simple-laravel-ecommerce/simple-laravel-ecommerce/vendor/laravel/framework/src/Illuminate/Session/Middleware/StartSession.php(121): Illuminate\\Pipeline\\Pipeline->Illuminate\\Pipeline\\{closure}()
#22 /home/runner/work/simple-laravel-ecommerce/simple-laravel-ecommerce/vendor/laravel/framework/src/Illuminate/Session/Middleware/StartSession.php(64): Illuminate\\Session\\Middleware\\StartSession->handleStatefulRequest()
#23 /home/runner/work/simple-laravel-ecommerce/simple-laravel-ecommerce/vendor/laravel/framework/src/Illuminate/Pipeline/Pipeline.php(183): Illuminate\\Session\\Middleware\\StartSession->handle()
#24 /home/runner/work/simple-laravel-ecommerce/simple-laravel-ecommerce/vendor/laravel/framework/src/Illuminate/Cookie/Middleware/AddQueuedCookiesToResponse.php(37): Illuminate\\Pipeline\\Pipeline->Illuminate\\Pipeline\\{closure}()
#25 /home/runner/work/simple-laravel-ecommerce/simple-laravel-ecommerce/vendor/laravel/framework/src/Illuminate/Pipeline/Pipeline.php(183): Illuminate\\Cookie\\Middleware\\AddQueuedCookiesToResponse->handle()
#26 /home/runner/work/simple-laravel-ecommerce/simple-laravel-ecommerce/vendor/laravel/framework/src/Illuminate/Cookie/Middleware/EncryptCookies.php(67): Illuminate\\Pipeline\\Pipeline->Illuminate\\Pipeline\\{closure}()
#27 /home/runner/work/simple-laravel-ecommerce/simple-laravel-ecommerce/vendor/laravel/framework/src/Illuminate/Pipeline/Pipeline.php(183): Illuminate\\Cookie\\Middleware\\EncryptCookies->handle()
#28 /home/runner/work/simple-laravel-ecommerce/simple-laravel-ecommerce/vendor/laravel/framework/src/Illuminate/Pipeline/Pipeline.php(119): Illuminate\\Pipeline\\Pipeline->Illuminate\\Pipeline\\{closure}()
#29 /home/runner/work/simple-laravel-ecommerce/simple-laravel-ecommerce/vendor/laravel/framework/src/Illuminate/Routing/Router.php(805): Illuminate\\Pipeline\\Pipeline->then()
#30 /home/runner/work/simple-laravel-ecommerce/simple-laravel-ecommerce/vendor/laravel/framework/src/Illuminate/Routing/Router.php(784): Illuminate\\Routing\\Router->runRouteWithinStack()
#31 /home/runner/work/simple-laravel-ecommerce/simple-laravel-ecommerce/vendor/laravel/framework/src/Illuminate/Routing/Router.php(748): Illuminate\\Routing\\Router->runRoute()
#32 /home/runner/work/simple-laravel-ecommerce/simple-laravel-ecommerce/vendor/laravel/framework/src/Illuminate/Routing/Router.php(737): Illuminate\\Routing\\Router->dispatchToRoute()
#33 /home/runner/work/simple-laravel-ecommerce/simple-laravel-ecommerce/vendor/laravel/framework/src/Illuminate/Foundation/Http/Kernel.php(200): Illuminate\\Routing\\Router->dispatch()
#34 /home/runner/work/simple-laravel-ecommerce/simple-laravel-ecommerce/vendor/laravel/framework/src/Illuminate/Pipeline/Pipeline.php(144): Illuminate\\Foundation\\Http\\Kernel->Illuminate\\Foundation\\Http\\{closure}()
#35 /home/runner/work/simple-laravel-ecommerce/simple-laravel-ecommerce/vendor/laravel/framework/src/Illuminate/Foundation/Http/Middleware/TransformsRequest.php(21): Illuminate\\Pipeline\\Pipeline->Illuminate\\Pipeline\\{closure}()
#36 /home/runner/work/simple-laravel-ecommerce/simple-laravel-ecommerce/vendor/laravel/framework/src/Illuminate/Foundation/Http/Middleware/ConvertEmptyStringsToNull.php(31): Illuminate\\Foundation\\Http\\Middleware\\TransformsRequest->handle()
#37 /home/runner/work/simple-laravel-ecommerce/simple-laravel-ecommerce/vendor/laravel/framework/src/Illuminate/Pipeline/Pipeline.php(183): Illuminate\\Foundation\\Http\\Middleware\\ConvertEmptyStringsToNull->handle()
#38 /home/runner/work/simple-laravel-ecommerce/simple-laravel-ecommerce/vendor/laravel/framework/src/Illuminate/Foundation/Http/Middleware/TransformsRequest.php(21): Illuminate\\Pipeline\\Pipeline->Illuminate\\Pipeline\\{closure}()
#39 /home/runner/work/simple-laravel-ecommerce/simple-laravel-ecommerce/vendor/laravel/framework/src/Illuminate/Foundation/Http/Middleware/TrimStrings.php(40): Illuminate\\Foundation\\Http\\Middleware\\TransformsRequest->handle()
#40 /home/runner/work/simple-laravel-ecommerce/simple-laravel-ecommerce/vendor/laravel/framework/src/Illuminate/Pipeline/Pipeline.php(183): Illuminate\\Foundation\\Http\\Middleware\\TrimStrings->handle()
#41 /home/runner/work/simple-laravel-ecommerce/simple-laravel-ecommerce/vendor/laravel/framework/src/Illuminate/Foundation/Http/Middleware/ValidatePostSize.php(27): Illuminate\\Pipeline\\Pipeline->Illuminate\\Pipeline\\{closure}()
#42 /home/runner/work/simple-laravel-ecommerce/simple-laravel-ecommerce/vendor/laravel/framework/src/Illuminate/Pipeline/Pipeline.php(183): Illuminate\\Foundation\\Http\\Middleware\\ValidatePostSize->handle()
#43 /home/runner/work/simple-laravel-ecommerce/simple-laravel-ecommerce/vendor/laravel/framework/src/Illuminate/Foundation/Http/Middleware/PreventRequestsDuringMaintenance.php(99): Illuminate\\Pipeline\\Pipeline->Illuminate\\Pipeline\\{closure}()
#44 /home/runner/work/simple-laravel-ecommerce/simple-laravel-ecommerce/vendor/laravel/framework/src/Illuminate/Pipeline/Pipeline.php(183): Illuminate\\Foundation\\Http\\Middleware\\PreventRequestsDuringMaintenance->handle()
#45 /home/runner/work/simple-laravel-ecommerce/simple-laravel-ecommerce/vendor/laravel/framework/src/Illuminate/Http/Middleware/HandleCors.php(49): Illuminate\\Pipeline\\Pipeline->Illuminate\\Pipeline\\{closure}()
#46 /home/runner/work/simple-laravel-ecommerce/simple-laravel-ecommerce/vendor/laravel/framework/src/Illuminate/Pipeline/Pipeline.php(183): Illuminate\\Http\\Middleware\\HandleCors->handle()
#47 /home/runner/work/simple-laravel-ecommerce/simple-laravel-ecommerce/vendor/laravel/framework/src/Illuminate/Http/Middleware/TrustProxies.php(39): Illuminate\\Pipeline\\Pipeline->Illuminate\\Pipeline\\{closure}()
#48 /home/runner/work/simple-laravel-ecommerce/simple-laravel-ecommerce/vendor/laravel/framework/src/Illuminate/Pipeline/Pipeline.php(183): Illuminate\\Http\\Middleware\\TrustProxies->handle()
#49 /home/runner/work/simple-laravel-ecommerce/simple-laravel-ecommerce/vendor/laravel/framework/src/Illuminate/Pipeline/Pipeline.php(119): Illuminate\\Pipeline\\Pipeline->Illuminate\\Pipeline\\{closure}()
#50 /home/runner/work/simple-laravel-ecommerce/simple-laravel-ecommerce/vendor/laravel/framework/src/Illuminate/Foundation/Http/Kernel.php(175): Illuminate\\Pipeline\\Pipeline->then()
#51 /home/runner/work/simple-laravel-ecommerce/simple-laravel-ecommerce/vendor/laravel/framework/src/Illuminate/Foundation/Http/Kernel.php(144): Illuminate\\Foundation\\Http\\Kernel->sendRequestThroughRouter()
#52 /home/runner/work/simple-laravel-ecommerce/simple-laravel-ecommerce/vendor/laravel/framework/src/Illuminate/Foundation/Testing/Concerns/MakesHttpRequests.php(585): Illuminate\\Foundation\\Http\\Kernel->handle()
#53 /home/runner/work/simple-laravel-ecommerce/simple-laravel-ecommerce/vendor/laravel/framework/src/Illuminate/Foundation/Testing/Concerns/MakesHttpRequests.php(346): Illuminate\\Foundation\\Testing\\TestCase->call()
#54 /home/runner/work/simple-laravel-ecommerce/simple-laravel-ecommerce/tests/Feature/HomePageTest.php(28): Illuminate\\Foundation\\Testing\\TestCase->get()
#55 /home/runner/work/simple-laravel-ecommerce/simple-laravel-ecommerce/vendor/phpunit/phpunit/src/Framework/TestCase.php(1548): Tests\\Feature\\HomePageTest->test_products_page_loads_successfully()
#56 /home/runner/work/simple-laravel-ecommerce/simple-laravel-ecommerce/vendor/phpunit/phpunit/src/Framework/TestCase.php(686): PHPUnit\\Framework\\TestCase->runTest()
#57 /home/runner/work/simple-laravel-ecommerce/simple-laravel-ecommerce/vendor/phpunit/phpunit/src/Framework/TestRunner.php(106): PHPUnit\\Framework\\TestCase->runBare()
#58 /home/runner/work/simple-laravel-ecommerce/simple-laravel-ecommerce/vendor/phpunit/phpunit/src/Framework/TestCase.php(516): PHPUnit\\Framework\\TestRunner->run()
#59 /home/runner/work/simple-laravel-ecommerce/simple-laravel-ecommerce/vendor/phpunit/phpunit/src/Framework/TestSuite.php(374): PHPUnit\\Framework\\TestCase->run()
#60 /home/runner/work/simple-laravel-ecommerce/simple-laravel-ecommerce/vendor/phpunit/phpunit/src/Framework/TestSuite.php(374): PHPUnit\\Framework\\TestSuite->run()
#61 /home/runner/work/simple-laravel-ecommerce/simple-laravel-ecommerce/vendor/phpunit/phpunit/src/Framework/TestSuite.php(374): PHPUnit\\Framework\\TestSuite->run()
#62 /home/runner/work/simple-laravel-ecommerce/simple-laravel-ecommerce/vendor/phpunit/phpunit/src/TextUI/TestRunner.php(64): PHPUnit\\Framework\\TestSuite->run()
#63 /home/runner/work/simple-laravel-ecommerce/simple-laravel-ecommerce/vendor/phpunit/phpunit/src/TextUI/Application.php(203): PHPUnit\\TextUI\\TestRunner->run()
#64 /home/runner/work/simple-laravel-ecommerce/simple-laravel-ecommerce/vendor/phpunit/phpunit/phpunit(104): PHPUnit\\TextUI\\Application->run()
#65 {main}
"} 
[2025-08-06 03:50:49] laravel.EMERGENCY: Unable to create configured logger. Using emergency logger. {"exception":"[object] (InvalidArgumentException(code: 0): Log [null] is not defined. at /home/runner/work/simple-laravel-ecommerce/simple-laravel-ecommerce/vendor/laravel/framework/src/Illuminate/Log/LogManager.php:212)
[stacktrace]
#0 /home/runner/work/simple-laravel-ecommerce/simple-laravel-ecommerce/vendor/laravel/framework/src/Illuminate/Log/LogManager.php(137): Illuminate\\Log\\LogManager->resolve()
#1 /home/runner/work/simple-laravel-ecommerce/simple-laravel-ecommerce/vendor/laravel/framework/src/Illuminate/Log/LogManager.php(124): Illuminate\\Log\\LogManager->get()
#2 /home/runner/work/simple-laravel-ecommerce/simple-laravel-ecommerce/vendor/laravel/framework/src/Illuminate/Log/LogManager.php(681): Illuminate\\Log\\LogManager->driver()
#3 /home/runner/work/simple-laravel-ecommerce/simple-laravel-ecommerce/vendor/laravel/framework/src/Illuminate/Foundation/Exceptions/Handler.php(317): Illuminate\\Log\\LogManager->error()
#4 /home/runner/work/simple-laravel-ecommerce/simple-laravel-ecommerce/vendor/laravel/framework/src/Illuminate/Foundation/Exceptions/Handler.php(278): Illuminate\\Foundation\\Exceptions\\Handler->reportThrowable()
#5 /home/runner/work/simple-laravel-ecommerce/simple-laravel-ecommerce/vendor/laravel/framework/src/Illuminate/Routing/Pipeline.php(49): Illuminate\\Foundation\\Exceptions\\Handler->report()
#6 /home/runner/work/simple-laravel-ecommerce/simple-laravel-ecommerce/vendor/laravel/framework/src/Illuminate/Pipeline/Pipeline.php(188): Illuminate\\Routing\\Pipeline->handleException()
#7 /home/runner/work/simple-laravel-ecommerce/simple-laravel-ecommerce/vendor/laravel/framework/src/Illuminate/Session/Middleware/StartSession.php(121): Illuminate\\Pipeline\\Pipeline->Illuminate\\Pipeline\\{closure}()
#8 /home/runner/work/simple-laravel-ecommerce/simple-laravel-ecommerce/vendor/laravel/framework/src/Illuminate/Session/Middleware/StartSession.php(64): Illuminate\\Session\\Middleware\\StartSession->handleStatefulRequest()
#9 /home/runner/work/simple-laravel-ecommerce/simple-laravel-ecommerce/vendor/laravel/framework/src/Illuminate/Pipeline/Pipeline.php(183): Illuminate\\Session\\Middleware\\StartSession->handle()
#10 /home/runner/work/simple-laravel-ecommerce/simple-laravel-ecommerce/vendor/laravel/framework/src/Illuminate/Cookie/Middleware/AddQueuedCookiesToResponse.php(37): Illuminate\\Pipeline\\Pipeline->Illuminate\\Pipeline\\{closure}()
#11 /home/runner/work/simple-laravel-ecommerce/simple-laravel-ecommerce/vendor/laravel/framework/src/Illuminate/Pipeline/Pipeline.php(183): Illuminate\\Cookie\\Middleware\\AddQueuedCookiesToResponse->handle()
#12 /home/runner/work/simple-laravel-ecommerce/simple-laravel-ecommerce/vendor/laravel/framework/src/Illuminate/Cookie/Middleware/EncryptCookies.php(67): Illuminate\\Pipeline\\Pipeline->Illuminate\\Pipeline\\{closure}()
#13 /home/runner/work/simple-laravel-ecommerce/simple-laravel-ecommerce/vendor/laravel/framework/src/Illuminate/Pipeline/Pipeline.php(183): Illuminate\\Cookie\\Middleware\\EncryptCookies->handle()
#14 /home/runner/work/simple-laravel-ecommerce/simple-laravel-ecommerce/vendor/laravel/framework/src/Illuminate/Pipeline/Pipeline.php(119): Illuminate\\Pipeline\\Pipeline->Illuminate\\Pipeline\\{closure}()
#15 /home/runner/work/simple-laravel-ecommerce/simple-laravel-ecommerce/vendor/laravel/framework/src/Illuminate/Routing/Router.php(805): Illuminate\\Pipeline\\Pipeline->then()
#16 /home/runner/work/simple-laravel-ecommerce/simple-laravel-ecommerce/vendor/laravel/framework/src/Illuminate/Routing/Router.php(784): Illuminate\\Routing\\Router->runRouteWithinStack()
#17 /home/runner/work/simple-laravel-ecommerce/simple-laravel-ecommerce/vendor/laravel/framework/src/Illuminate/Routing/Router.php(748): Illuminate\\Routing\\Router->runRoute()
#18 /home/runner/work/simple-laravel-ecommerce/simple-laravel-ecommerce/vendor/laravel/framework/src/Illuminate/Routing/Router.php(737): Illuminate\\Routing\\Router->dispatchToRoute()
#19 /home/runner/work/simple-laravel-ecommerce/simple-laravel-ecommerce/vendor/laravel/framework/src/Illuminate/Foundation/Http/Kernel.php(200): Illuminate\\Routing\\Router->dispatch()
#20 /home/runner/work/simple-laravel-ecommerce/simple-laravel-ecommerce/vendor/laravel/framework/src/Illuminate/Pipeline/Pipeline.php(144): Illuminate\\Foundation\\Http\\Kernel->Illuminate\\Foundation\\Http\\{closure}()
#21 /home/runner/work/simple-laravel-ecommerce/simple-laravel-ecommerce/vendor/laravel/framework/src/Illuminate/Foundation/Http/Middleware/TransformsRequest.php(21): Illuminate\\Pipeline\\Pipeline->Illuminate\\Pipeline\\{closure}()
#22 /home/runner/work/simple-laravel-ecommerce/simple-laravel-ecommerce/vendor/laravel/framework/src/Illuminate/Foundation/Http/Middleware/ConvertEmptyStringsToNull.php(31): Illuminate\\Foundation\\Http\\Middleware\\TransformsRequest->handle()
#23 /home/runner/work/simple-laravel-ecommerce/simple-laravel-ecommerce/vendor/laravel/framework/src/Illuminate/Pipeline/Pipeline.php(183): Illuminate\\Foundation\\Http\\Middleware\\ConvertEmptyStringsToNull->handle()
#24 /home/runner/work/simple-laravel-ecommerce/simple-laravel-ecommerce/vendor/laravel/framework/src/Illuminate/Foundation/Http/Middleware/TransformsRequest.php(21): Illuminate\\Pipeline\\Pipeline->Illuminate\\Pipeline\\{closure}()
#25 /home/runner/work/simple-laravel-ecommerce/simple-laravel-ecommerce/vendor/laravel/framework/src/Illuminate/Foundation/Http/Middleware/TrimStrings.php(40): Illuminate\\Foundation\\Http\\Middleware\\TransformsRequest->handle()
#26 /home/runner/work/simple-laravel-ecommerce/simple-laravel-ecommerce/vendor/laravel/framework/src/Illuminate/Pipeline/Pipeline.php(183): Illuminate\\Foundation\\Http\\Middleware\\TrimStrings->handle()
#27 /home/runner/work/simple-laravel-ecommerce/simple-laravel-ecommerce/vendor/laravel/framework/src/Illuminate/Foundation/Http/Middleware/ValidatePostSize.php(27): Illuminate\\Pipeline\\Pipeline->Illuminate\\Pipeline\\{closure}()
#28 /home/runner/work/simple-laravel-ecommerce/simple-laravel-ecommerce/vendor/laravel/framework/src/Illuminate/Pipeline/Pipeline.php(183): Illuminate\\Foundation\\Http\\Middleware\\ValidatePostSize->handle()
#29 /home/runner/work/simple-laravel-ecommerce/simple-laravel-ecommerce/vendor/laravel/framework/src/Illuminate/Foundation/Http/Middleware/PreventRequestsDuringMaintenance.php(99): Illuminate\\Pipeline\\Pipeline->Illuminate\\Pipeline\\{closure}()
#30 /home/runner/work/simple-laravel-ecommerce/simple-laravel-ecommerce/vendor/laravel/framework/src/Illuminate/Pipeline/Pipeline.php(183): Illuminate\\Foundation\\Http\\Middleware\\PreventRequestsDuringMaintenance->handle()
#31 /home/runner/work/simple-laravel-ecommerce/simple-laravel-ecommerce/vendor/laravel/framework/src/Illuminate/Http/Middleware/HandleCors.php(49): Illuminate\\Pipeline\\Pipeline->Illuminate\\Pipeline\\{closure}()
#32 /home/runner/work/simple-laravel-ecommerce/simple-laravel-ecommerce/vendor/laravel/framework/src/Illuminate/Pipeline/Pipeline.php(183): Illuminate\\Http\\Middleware\\HandleCors->handle()
#33 /home/runner/work/simple-laravel-ecommerce/simple-laravel-ecommerce/vendor/laravel/framework/src/Illuminate/Http/Middleware/TrustProxies.php(39): Illuminate\\Pipeline\\Pipeline->Illuminate\\Pipeline\\{closure}()
#34 /home/runner/work/simple-laravel-ecommerce/simple-laravel-ecommerce/vendor/laravel/framework/src/Illuminate/Pipeline/Pipeline.php(183): Illuminate\\Http\\Middleware\\TrustProxies->handle()
#35 /home/runner/work/simple-laravel-ecommerce/simple-laravel-ecommerce/vendor/laravel/framework/src/Illuminate/Pipeline/Pipeline.php(119): Illuminate\\Pipeline\\Pipeline->Illuminate\\Pipeline\\{closure}()
#36 /home/runner/work/simple-laravel-ecommerce/simple-laravel-ecommerce/vendor/laravel/framework/src/Illuminate/Foundation/Http/Kernel.php(175): Illuminate\\Pipeline\\Pipeline->then()
#37 /home/runner/work/simple-laravel-ecommerce/simple-laravel-ecommerce/vendor/laravel/framework/src/Illuminate/Foundation/Http/Kernel.php(144): Illuminate\\Foundation\\Http\\Kernel->sendRequestThroughRouter()
#38 /home/runner/work/simple-laravel-ecommerce/simple-laravel-ecommerce/vendor/laravel/framework/src/Illuminate/Foundation/Testing/Concerns/MakesHttpRequests.php(585): Illuminate\\Foundation\\Http\\Kernel->handle()
#39 /home/runner/work/simple-laravel-ecommerce/simple-laravel-ecommerce/vendor/laravel/framework/src/Illuminate/Foundation/Testing/Concerns/MakesHttpRequests.php(346): Illuminate\\Foundation\\Testing\\TestCase->call()
#40 /home/runner/work/simple-laravel-ecommerce/simple-laravel-ecommerce/tests/Feature/HomePageTest.php(39): Illuminate\\Foundation\\Testing\\TestCase->get()
#41 /home/runner/work/simple-laravel-ecommerce/simple-laravel-ecommerce/vendor/phpunit/phpunit/src/Framework/TestCase.php(1548): Tests\\Feature\\HomePageTest->test_cart_page_loads_successfully()
#42 /home/runner/work/simple-laravel-ecommerce/simple-laravel-ecommerce/vendor/phpunit/phpunit/src/Framework/TestCase.php(686): PHPUnit\\Framework\\TestCase->runTest()
#43 /home/runner/work/simple-laravel-ecommerce/simple-laravel-ecommerce/vendor/phpunit/phpunit/src/Framework/TestRunner.php(106): PHPUnit\\Framework\\TestCase->runBare()
#44 /home/runner/work/simple-laravel-ecommerce/simple-laravel-ecommerce/vendor/phpunit/phpunit/src/Framework/TestCase.php(516): PHPUnit\\Framework\\TestRunner->run()
#45 /home/runner/work/simple-laravel-ecommerce/simple-laravel-ecommerce/vendor/phpunit/phpunit/src/Framework/TestSuite.php(374): PHPUnit\\Framework\\TestCase->run()
#46 /home/runner/work/simple-laravel-ecommerce/simple-laravel-ecommerce/vendor/phpunit/phpunit/src/Framework/TestSuite.php(374): PHPUnit\\Framework\\TestSuite->run()
#47 /home/runner/work/simple-laravel-ecommerce/simple-laravel-ecommerce/vendor/phpunit/phpunit/src/Framework/TestSuite.php(374): PHPUnit\\Framework\\TestSuite->run()
#48 /home/runner/work/simple-laravel-ecommerce/simple-laravel-ecommerce/vendor/phpunit/phpunit/src/TextUI/TestRunner.php(64): PHPUnit\\Framework\\TestSuite->run()
#49 /home/runner/work/simple-laravel-ecommerce/simple-laravel-ecommerce/vendor/phpunit/phpunit/src/TextUI/Application.php(203): PHPUnit\\TextUI\\TestRunner->run()
#50 /home/runner/work/simple-laravel-ecommerce/simple-laravel-ecommerce/vendor/phpunit/phpunit/phpunit(104): PHPUnit\\TextUI\\Application->run()
#51 {main}
"} 
[2025-08-06 03:50:49] laravel.ERROR: Illuminate\View\FileViewFinder::__construct(): Argument #2 ($paths) must be of type array, null given, called in /home/runner/work/simple-laravel-ecommerce/simple-laravel-ecommerce/vendor/laravel/framework/src/Illuminate/View/ViewServiceProvider.php on line 85 {"exception":"[object] (TypeError(code: 0): Illuminate\\View\\FileViewFinder::__construct(): Argument #2 ($paths) must be of type array, null given, called in /home/runner/work/simple-laravel-ecommerce/simple-laravel-ecommerce/vendor/laravel/framework/src/Illuminate/View/ViewServiceProvider.php on line 85 at /home/runner/work/simple-laravel-ecommerce/simple-laravel-ecommerce/vendor/laravel/framework/src/Illuminate/View/FileViewFinder.php:53)
[stacktrace]
#0 /home/runner/work/simple-laravel-ecommerce/simple-laravel-ecommerce/vendor/laravel/framework/src/Illuminate/View/ViewServiceProvider.php(85): Illuminate\\View\\FileViewFinder->__construct()
#1 /home/runner/work/simple-laravel-ecommerce/simple-laravel-ecommerce/vendor/laravel/framework/src/Illuminate/Container/Container.php(908): Illuminate\\View\\ViewServiceProvider->Illuminate\\View\\{closure}()
#2 /home/runner/work/simple-laravel-ecommerce/simple-laravel-ecommerce/vendor/laravel/framework/src/Illuminate/Container/Container.php(795): Illuminate\\Container\\Container->build()
#3 /home/runner/work/simple-laravel-ecommerce/simple-laravel-ecommerce/vendor/laravel/framework/src/Illuminate/Foundation/Application.php(986): Illuminate\\Container\\Container->resolve()
#4 /home/runner/work/simple-laravel-ecommerce/simple-laravel-ecommerce/vendor/laravel/framework/src/Illuminate/Container/Container.php(731): Illuminate\\Foundation\\Application->resolve()
#5 /home/runner/work/simple-laravel-ecommerce/simple-laravel-ecommerce/vendor/laravel/framework/src/Illuminate/Foundation/Application.php(971): Illuminate\\Container\\Container->make()
#6 /home/runner/work/simple-laravel-ecommerce/simple-laravel-ecommerce/vendor/laravel/framework/src/Illuminate/Container/Container.php(1454): Illuminate\\Foundation\\Application->make()
#7 /home/runner/work/simple-laravel-ecommerce/simple-laravel-ecommerce/vendor/laravel/framework/src/Illuminate/View/ViewServiceProvider.php(45): Illuminate\\Container\\Container->offsetGet()
#8 /home/runner/work/simple-laravel-ecommerce/simple-laravel-ecommerce/vendor/laravel/framework/src/Illuminate/Container/Container.php(908): Illuminate\\View\\ViewServiceProvider->Illuminate\\View\\{closure}()
#9 /home/runner/work/simple-laravel-ecommerce/simple-laravel-ecommerce/vendor/laravel/framework/src/Illuminate/Container/Container.php(795): Illuminate\\Container\\Container->build()
#10 /home/runner/work/simple-laravel-ecommerce/simple-laravel-ecommerce/vendor/laravel/framework/src/Illuminate/Foundation/Application.php(986): Illuminate\\Container\\Container->resolve()
#11 /home/runner/work/simple-laravel-ecommerce/simple-laravel-ecommerce/vendor/laravel/framework/src/Illuminate/Container/Container.php(731): Illuminate\\Foundation\\Application->resolve()
#12 /home/runner/work/simple-laravel-ecommerce/simple-laravel-ecommerce/vendor/laravel/framework/src/Illuminate/Foundation/Application.php(971): Illuminate\\Container\\Container->make()
#13 /home/runner/work/simple-laravel-ecommerce/simple-laravel-ecommerce/vendor/laravel/framework/src/Illuminate/Container/Container.php(1066): Illuminate\\Foundation\\Application->make()
#14 /home/runner/work/simple-laravel-ecommerce/simple-laravel-ecommerce/vendor/laravel/framework/src/Illuminate/Container/Container.php(982): Illuminate\\Container\\Container->resolveClass()
#15 /home/runner/work/simple-laravel-ecommerce/simple-laravel-ecommerce/vendor/laravel/framework/src/Illuminate/Container/Container.php(943): Illuminate\\Container\\Container->resolveDependencies()
#16 /home/runner/work/simple-laravel-ecommerce/simple-laravel-ecommerce/vendor/laravel/framework/src/Illuminate/Container/Container.php(795): Illuminate\\Container\\Container->build()
#17 /home/runner/work/simple-laravel-ecommerce/simple-laravel-ecommerce/vendor/laravel/framework/src/Illuminate/Foundation/Application.php(986): Illuminate\\Container\\Container->resolve()
#18 /home/runner/work/simple-laravel-ecommerce/simple-laravel-ecommerce/vendor/laravel/framework/src/Illuminate/Container/Container.php(731): Illuminate\\Foundation\\Application->resolve()
#19 /home/runner/work/simple-laravel-ecommerce/simple-laravel-ecommerce/vendor/laravel/framework/src/Illuminate/Foundation/Application.php(971): Illuminate\\Container\\Container->make()
#20 /home/runner/work/simple-laravel-ecommerce/simple-laravel-ecommerce/vendor/laravel/framework/src/Illuminate/Pipeline/Pipeline.php(172): Illuminate\\Foundation\\Application->make()
#21 /home/runner/work/simple-laravel-ecommerce/simple-laravel-ecommerce/vendor/laravel/framework/src/Illuminate/Session/Middleware/StartSession.php(121): Illuminate\\Pipeline\\Pipeline->Illuminate\\Pipeline\\{closure}()
#22 /home/runner/work/simple-laravel-ecommerce/simple-laravel-ecommerce/vendor/laravel/framework/src/Illuminate/Session/Middleware/StartSession.php(64): Illuminate\\Session\\Middleware\\StartSession->handleStatefulRequest()
#23 /home/runner/work/simple-laravel-ecommerce/simple-laravel-ecommerce/vendor/laravel/framework/src/Illuminate/Pipeline/Pipeline.php(183): Illuminate\\Session\\Middleware\\StartSession->handle()
#24 /home/runner/work/simple-laravel-ecommerce/simple-laravel-ecommerce/vendor/laravel/framework/src/Illuminate/Cookie/Middleware/AddQueuedCookiesToResponse.php(37): Illuminate\\Pipeline\\Pipeline->Illuminate\\Pipeline\\{closure}()
#25 /home/runner/work/simple-laravel-ecommerce/simple-laravel-ecommerce/vendor/laravel/framework/src/Illuminate/Pipeline/Pipeline.php(183): Illuminate\\Cookie\\Middleware\\AddQueuedCookiesToResponse->handle()
#26 /home/runner/work/simple-laravel-ecommerce/simple-laravel-ecommerce/vendor/laravel/framework/src/Illuminate/Cookie/Middleware/EncryptCookies.php(67): Illuminate\\Pipeline\\Pipeline->Illuminate\\Pipeline\\{closure}()
#27 /home/runner/work/simple-laravel-ecommerce/simple-laravel-ecommerce/vendor/laravel/framework/src/Illuminate/Pipeline/Pipeline.php(183): Illuminate\\Cookie\\Middleware\\EncryptCookies->handle()
#28 /home/runner/work/simple-laravel-ecommerce/simple-laravel-ecommerce/vendor/laravel/framework/src/Illuminate/Pipeline/Pipeline.php(119): Illuminate\\Pipeline\\Pipeline->Illuminate\\Pipeline\\{closure}()
#29 /home/runner/work/simple-laravel-ecommerce/simple-laravel-ecommerce/vendor/laravel/framework/src/Illuminate/Routing/Router.php(805): Illuminate\\Pipeline\\Pipeline->then()
#30 /home/runner/work/simple-laravel-ecommerce/simple-laravel-ecommerce/vendor/laravel/framework/src/Illuminate/Routing/Router.php(784): Illuminate\\Routing\\Router->runRouteWithinStack()
#31 /home/runner/work/simple-laravel-ecommerce/simple-laravel-ecommerce/vendor/laravel/framework/src/Illuminate/Routing/Router.php(748): Illuminate\\Routing\\Router->runRoute()
#32 /home/runner/work/simple-laravel-ecommerce/simple-laravel-ecommerce/vendor/laravel/framework/src/Illuminate/Routing/Router.php(737): Illuminate\\Routing\\Router->dispatchToRoute()
#33 /home/runner/work/simple-laravel-ecommerce/simple-laravel-ecommerce/vendor/laravel/framework/src/Illuminate/Foundation/Http/Kernel.php(200): Illuminate\\Routing\\Router->dispatch()
#34 /home/runner/work/simple-laravel-ecommerce/simple-laravel-ecommerce/vendor/laravel/framework/src/Illuminate/Pipeline/Pipeline.php(144): Illuminate\\Foundation\\Http\\Kernel->Illuminate\\Foundation\\Http\\{closure}()
#35 /home/runner/work/simple-laravel-ecommerce/simple-laravel-ecommerce/vendor/laravel/framework/src/Illuminate/Foundation/Http/Middleware/TransformsRequest.php(21): Illuminate\\Pipeline\\Pipeline->Illuminate\\Pipeline\\{closure}()
#36 /home/runner/work/simple-laravel-ecommerce/simple-laravel-ecommerce/vendor/laravel/framework/src/Illuminate/Foundation/Http/Middleware/ConvertEmptyStringsToNull.php(31): Illuminate\\Foundation\\Http\\Middleware\\TransformsRequest->handle()
#37 /home/runner/work/simple-laravel-ecommerce/simple-laravel-ecommerce/vendor/laravel/framework/src/Illuminate/Pipeline/Pipeline.php(183): Illuminate\\Foundation\\Http\\Middleware\\ConvertEmptyStringsToNull->handle()
#38 /home/runner/work/simple-laravel-ecommerce/simple-laravel-ecommerce/vendor/laravel/framework/src/Illuminate/Foundation/Http/Middleware/TransformsRequest.php(21): Illuminate\\Pipeline\\Pipeline->Illuminate\\Pipeline\\{closure}()
#39 /home/runner/work/simple-laravel-ecommerce/simple-laravel-ecommerce/vendor/laravel/framework/src/Illuminate/Foundation/Http/Middleware/TrimStrings.php(40): Illuminate\\Foundation\\Http\\Middleware\\TransformsRequest->handle()
#40 /home/runner/work/simple-laravel-ecommerce/simple-laravel-ecommerce/vendor/laravel/framework/src/Illuminate/Pipeline/Pipeline.php(183): Illuminate\\Foundation\\Http\\Middleware\\TrimStrings->handle()
#41 /home/runner/work/simple-laravel-ecommerce/simple-laravel-ecommerce/vendor/laravel/framework/src/Illuminate/Foundation/Http/Middleware/ValidatePostSize.php(27): Illuminate\\Pipeline\\Pipeline->Illuminate\\Pipeline\\{closure}()
#42 /home/runner/work/simple-laravel-ecommerce/simple-laravel-ecommerce/vendor/laravel/framework/src/Illuminate/Pipeline/Pipeline.php(183): Illuminate\\Foundation\\Http\\Middleware\\ValidatePostSize->handle()
#43 /home/runner/work/simple-laravel-ecommerce/simple-laravel-ecommerce/vendor/laravel/framework/src/Illuminate/Foundation/Http/Middleware/PreventRequestsDuringMaintenance.php(99): Illuminate\\Pipeline\\Pipeline->Illuminate\\Pipeline\\{closure}()
#44 /home/runner/work/simple-laravel-ecommerce/simple-laravel-ecommerce/vendor/laravel/framework/src/Illuminate/Pipeline/Pipeline.php(183): Illuminate\\Foundation\\Http\\Middleware\\PreventRequestsDuringMaintenance->handle()
#45 /home/runner/work/simple-laravel-ecommerce/simple-laravel-ecommerce/vendor/laravel/framework/src/Illuminate/Http/Middleware/HandleCors.php(49): Illuminate\\Pipeline\\Pipeline->Illuminate\\Pipeline\\{closure}()
#46 /home/runner/work/simple-laravel-ecommerce/simple-laravel-ecommerce/vendor/laravel/framework/src/Illuminate/Pipeline/Pipeline.php(183): Illuminate\\Http\\Middleware\\HandleCors->handle()
#47 /home/runner/work/simple-laravel-ecommerce/simple-laravel-ecommerce/vendor/laravel/framework/src/Illuminate/Http/Middleware/TrustProxies.php(39): Illuminate\\Pipeline\\Pipeline->Illuminate\\Pipeline\\{closure}()
#48 /home/runner/work/simple-laravel-ecommerce/simple-laravel-ecommerce/vendor/laravel/framework/src/Illuminate/Pipeline/Pipeline.php(183): Illuminate\\Http\\Middleware\\TrustProxies->handle()
#49 /home/runner/work/simple-laravel-ecommerce/simple-laravel-ecommerce/vendor/laravel/framework/src/Illuminate/Pipeline/Pipeline.php(119): Illuminate\\Pipeline\\Pipeline->Illuminate\\Pipeline\\{closure}()
#50 /home/runner/work/simple-laravel-ecommerce/simple-laravel-ecommerce/vendor/laravel/framework/src/Illuminate/Foundation/Http/Kernel.php(175): Illuminate\\Pipeline\\Pipeline->then()
#51 /home/runner/work/simple-laravel-ecommerce/simple-laravel-ecommerce/vendor/laravel/framework/src/Illuminate/Foundation/Http/Kernel.php(144): Illuminate\\Foundation\\Http\\Kernel->sendRequestThroughRouter()
#52 /home/runner/work/simple-laravel-ecommerce/simple-laravel-ecommerce/vendor/laravel/framework/src/Illuminate/Foundation/Testing/Concerns/MakesHttpRequests.php(585): Illuminate\\Foundation\\Http\\Kernel->handle()
#53 /home/runner/work/simple-laravel-ecommerce/simple-laravel-ecommerce/vendor/laravel/framework/src/Illuminate/Foundation/Testing/Concerns/MakesHttpRequests.php(346): Illuminate\\Foundation\\Testing\\TestCase->call()
#54 /home/runner/work/simple-laravel-ecommerce/simple-laravel-ecommerce/tests/Feature/HomePageTest.php(39): Illuminate\\Foundation\\Testing\\TestCase->get()
#55 /home/runner/work/simple-laravel-ecommerce/simple-laravel-ecommerce/vendor/phpunit/phpunit/src/Framework/TestCase.php(1548): Tests\\Feature\\HomePageTest->test_cart_page_loads_successfully()
#56 /home/runner/work/simple-laravel-ecommerce/simple-laravel-ecommerce/vendor/phpunit/phpunit/src/Framework/TestCase.php(686): PHPUnit\\Framework\\TestCase->runTest()
#57 /home/runner/work/simple-laravel-ecommerce/simple-laravel-ecommerce/vendor/phpunit/phpunit/src/Framework/TestRunner.php(106): PHPUnit\\Framework\\TestCase->runBare()
#58 /home/runner/work/simple-laravel-ecommerce/simple-laravel-ecommerce/vendor/phpunit/phpunit/src/Framework/TestCase.php(516): PHPUnit\\Framework\\TestRunner->run()
#59 /home/runner/work/simple-laravel-ecommerce/simple-laravel-ecommerce/vendor/phpunit/phpunit/src/Framework/TestSuite.php(374): PHPUnit\\Framework\\TestCase->run()
#60 /home/runner/work/simple-laravel-ecommerce/simple-laravel-ecommerce/vendor/phpunit/phpunit/src/Framework/TestSuite.php(374): PHPUnit\\Framework\\TestSuite->run()
#61 /home/runner/work/simple-laravel-ecommerce/simple-laravel-ecommerce/vendor/phpunit/phpunit/src/Framework/TestSuite.php(374): PHPUnit\\Framework\\TestSuite->run()
#62 /home/runner/work/simple-laravel-ecommerce/simple-laravel-ecommerce/vendor/phpunit/phpunit/src/TextUI/TestRunner.php(64): PHPUnit\\Framework\\TestSuite->run()
#63 /home/runner/work/simple-laravel-ecommerce/simple-laravel-ecommerce/vendor/phpunit/phpunit/src/TextUI/Application.php(203): PHPUnit\\TextUI\\TestRunner->run()
#64 /home/runner/work/simple-laravel-ecommerce/simple-laravel-ecommerce/vendor/phpunit/phpunit/phpunit(104): PHPUnit\\TextUI\\Application->run()
#65 {main}
"} 
